#
# There is insufficient memory for the Java Runtime Environment to continue.
# Native memory allocation (mmap) failed to map 98566144 bytes for committing reserved memory.
# Possible reasons:
#   The system is out of physical RAM or swap space
#   The process is running with CompressedOops enabled, and the Java Heap may be blocking the growth of the native heap
# Possible solutions:
#   Reduce memory load on the system
#   Increase physical memory or swap space
#   Check if swap backing store is full
#   Decrease Java heap size (-Xmx/-Xms)
#   Decrease number of Java threads
#   Decrease Java thread stack sizes (-Xss)
#   Set larger code cache with -XX:ReservedCodeCacheSize=
#   JVM is running with Unscaled Compressed Oops mode in which the Java heap is
#     placed in the first 4GB address space. The Java Heap base address is the
#     maximum limit for the native heap growth. Please use -XX:HeapBaseMinAddress
#     to set the Java Heap base and to place the Java Heap above 4GB virtual address.
# This output file may be truncated or incomplete.
#
#  Out of Memory Error (os_linux.cpp:2913), pid=11374, tid=11384
#
# JRE version: OpenJDK Runtime Environment (11.0.10) (build 11.0.10+0-b96-7249189)
# Java VM: OpenJDK 64-Bit Server VM (11.0.10+0-b96-7249189, mixed mode, tiered, compressed oops, g1 gc, linux-amd64)
# Core dump will be written. Default location: Core dumps may be processed with "/usr/share/apport/apport %p %s %c %d %P %E" (or dumping to /home/noor/AndroidStudioProjects/MedicosService/core.11374)
#

---------------  S U M M A R Y ------------

Command Line: --add-opens=java.base/java.util=ALL-UNNAMED --add-opens=java.base/java.lang=ALL-UNNAMED --add-opens=java.base/java.lang.invoke=ALL-UNNAMED --add-opens=java.base/java.util=ALL-UNNAMED --add-opens=java.prefs/java.util.prefs=ALL-UNNAMED --add-opens=java.prefs/java.util.prefs=ALL-UNNAMED --add-opens=java.base/java.nio.charset=ALL-UNNAMED --add-opens=java.base/java.net=ALL-UNNAMED --add-opens=java.base/java.util.concurrent.atomic=ALL-UNNAMED -Xmx2048m -Dfile.encoding=UTF-8 -Duser.country=US -Duser.language=en -Duser.variant org.gradle.launcher.daemon.bootstrap.GradleDaemon 7.0.2

Host: Intel(R) Core(TM) i3-3110M CPU @ 2.40GHz, 4 cores, 5G, Ubuntu 16.04.7 LTS
Time: Thu Aug 12 06:27:04 2021 EDT elapsed time: 82.955801 seconds (0d 0h 1m 22s)

---------------  T H R E A D  ---------------

Current thread (0x00007f5950121000):  VMThread "VM Thread" [stack: 0x00007f5929700000,0x00007f5929800000] [id=11384]

Stack: [0x00007f5929700000,0x00007f5929800000],  sp=0x00007f59297fdef0,  free space=1015k
Native frames: (J=compiled Java code, A=aot compiled Java code, j=interpreted, Vv=VM code, C=native code)
V  [libjvm.so+0xc2d07f]  VMError::report_and_die(int, char const*, char const*, __va_list_tag*, Thread*, unsigned char*, void*, void*, char const*, int, unsigned long)+0x7df
V  [libjvm.so+0xc2d67a]  VMError::report_and_die(Thread*, char const*, int, unsigned long, VMErrorType, char const*, __va_list_tag*)+0x3a
V  [libjvm.so+0x5f34aa]  report_vm_out_of_memory(char const*, int, unsigned long, VMErrorType, char const*, ...)+0xba
V  [libjvm.so+0xa80f33]  os::Linux::commit_memory_impl(char*, unsigned long, bool)+0xe3
V  [libjvm.so+0xa810c7]  os::pd_commit_memory_or_exit(char*, unsigned long, unsigned long, bool, char const*)+0x27
V  [libjvm.so+0xa79898]  os::commit_memory_or_exit(char*, unsigned long, unsigned long, bool, char const*)+0x18
V  [libjvm.so+0x6cbf45]  G1PageBasedVirtualSpace::commit_internal(unsigned long, unsigned long)+0x195
V  [libjvm.so+0x6cc1bf]  G1PageBasedVirtualSpace::commit(unsigned long, unsigned long)+0x14f
V  [libjvm.so+0x6d2062]  G1RegionsLargerThanCommitSizeMapper::commit_regions(unsigned int, unsigned long, WorkGang*)+0x42
V  [libjvm.so+0x738078]  HeapRegionManager::commit_regions(unsigned int, unsigned long, WorkGang*)+0xb8
V  [libjvm.so+0x738325]  HeapRegionManager::make_regions_available(unsigned int, unsigned int, WorkGang*)+0x65
V  [libjvm.so+0x738801]  HeapRegionManager::expand_at(unsigned int, unsigned int, WorkGang*)+0x111
V  [libjvm.so+0x696751]  G1CollectedHeap::expand(unsigned long, WorkGang*, double*)+0xd1
V  [libjvm.so+0x69d07f]  G1CollectedHeap::do_collection_pause_at_safepoint(double)+0xaef
V  [libjvm.so+0xc35251]  VM_G1CollectForAllocation::doit()+0xc1
V  [libjvm.so+0xc2ea96]  VM_Operation::evaluate()+0xc6
V  [libjvm.so+0xc34627]  VMThread::evaluate_operation(VM_Operation*)+0x117
V  [libjvm.so+0xc341b0]  VMThread::loop()+0x450
V  [libjvm.so+0xc33c6f]  VMThread::run()+0x6f
V  [libjvm.so+0xbca448]  Thread::call_run()+0x68
V  [libjvm.so+0xa7d25e]  thread_native_entry(Thread*)+0x1be

VM_Operation (0x00007f58f254a010): G1CollectForAllocation, mode: safepoint, requested by thread 0x00007f58dc009000


---------------  P R O C E S S  ---------------

Threads class SMR info:
_java_thread_list=0x00007f58c8005da0, length=41, elements={
0x00007f5950017000, 0x00007f5950129000, 0x00007f595012d800, 0x00007f5950142000,
0x00007f5950144000, 0x00007f5950146800, 0x00007f5950148800, 0x00007f595014a800,
0x00007f59501e6000, 0x00007f5951364000, 0x00007f5951344000, 0x00007f59513f7000,
0x00007f58e4018000, 0x00007f58dc003800, 0x00007f58dc006800, 0x00007f58dc009000,
0x00007f58d000b800, 0x00007f58d0017800, 0x00007f58d01be000, 0x00007f58d01c5800,
0x00007f58d0254800, 0x00007f58d0792800, 0x00007f58d07ae800, 0x00007f58d07c0800,
0x00007f58d07d7800, 0x00007f58d07e0000, 0x00007f58d07e2800, 0x00007f58d07e4800,
0x00007f58d08e2800, 0x00007f58d0931800, 0x00007f58d0a2f800, 0x00007f58d0a76000,
0x00007f58d0cb8800, 0x00007f58d0f43800, 0x00007f58d0ff0000, 0x00007f58d12c3800,
0x00007f58d12c5800, 0x00007f58d12c8800, 0x00007f58d12ca800, 0x00007f58d1b0d000,
0x00007f58d20fa800
}

Java Threads: ( => current thread )
  0x00007f5950017000 JavaThread "main" [_thread_blocked, id=11378, stack(0x00007f5957a44000,0x00007f5957b45000)]
  0x00007f5950129000 JavaThread "Reference Handler" daemon [_thread_blocked, id=11385, stack(0x00007f59295fe000,0x00007f59296ff000)]
  0x00007f595012d800 JavaThread "Finalizer" daemon [_thread_blocked, id=11386, stack(0x00007f59294fd000,0x00007f59295fe000)]
  0x00007f5950142000 JavaThread "Signal Dispatcher" daemon [_thread_blocked, id=11387, stack(0x00007f5929124000,0x00007f5929225000)]
  0x00007f5950144000 JavaThread "Service Thread" daemon [_thread_blocked, id=11388, stack(0x00007f5929023000,0x00007f5929124000)]
  0x00007f5950146800 JavaThread "C2 CompilerThread0" daemon [_thread_blocked, id=11389, stack(0x00007f5928f22000,0x00007f5929023000)]
  0x00007f5950148800 JavaThread "C1 CompilerThread0" daemon [_thread_blocked, id=11390, stack(0x00007f5928e21000,0x00007f5928f22000)]
  0x00007f595014a800 JavaThread "Sweeper thread" daemon [_thread_blocked, id=11391, stack(0x00007f5928d20000,0x00007f5928e21000)]
  0x00007f59501e6000 JavaThread "Common-Cleaner" daemon [_thread_blocked, id=11392, stack(0x00007f5928c1f000,0x00007f5928d20000)]
  0x00007f5951364000 JavaThread "Daemon health stats" [_thread_blocked, id=11395, stack(0x00007f592806b000,0x00007f592816c000)]
  0x00007f5951344000 JavaThread "Incoming local TCP Connector on port 45079" [_thread_in_native, id=11396, stack(0x00007f58f2d59000,0x00007f58f2e5a000)]
  0x00007f59513f7000 JavaThread "Daemon periodic checks" [_thread_blocked, id=11397, stack(0x00007f58f2c58000,0x00007f58f2d59000)]
  0x00007f58e4018000 JavaThread "Daemon" [_thread_blocked, id=11398, stack(0x00007f58f2b57000,0x00007f58f2c58000)]
  0x00007f58dc003800 JavaThread "Handler for socket connection from /127.0.0.1:45079 to /127.0.0.1:43976" [_thread_in_native, id=11399, stack(0x00007f58f2856000,0x00007f58f2957000)]
  0x00007f58dc006800 JavaThread "Cancel handler" [_thread_blocked, id=11408, stack(0x00007f58f2553000,0x00007f58f2654000)]
  0x00007f58dc009000 JavaThread "Daemon worker" [_thread_blocked, id=11414, stack(0x00007f58f2452000,0x00007f58f2553000)]
  0x00007f58d000b800 JavaThread "Asynchronous log dispatcher for DefaultDaemonConnection: socket connection from /127.0.0.1:45079 to /127.0.0.1:43976" [_thread_blocked, id=11417, stack(0x00007f58f2351000,0x00007f58f2452000)]
  0x00007f58d0017800 JavaThread "Daemon client event forwarder" [_thread_blocked, id=11419, stack(0x00007f58f214f000,0x00007f58f2250000)]
  0x00007f58d01be000 JavaThread "Cache worker for file hash cache (/home/noor/.gradle/caches/7.0.2/fileHashes)" [_thread_blocked, id=11420, stack(0x00007f58f1e4e000,0x00007f58f1f4f000)]
  0x00007f58d01c5800 JavaThread "File lock request listener" [_thread_in_native, id=11421, stack(0x00007f58f1d4d000,0x00007f58f1e4e000)]
  0x00007f58d0254800 JavaThread "Cache worker for journal cache (/home/noor/.gradle/caches/journal-1)" [_thread_blocked, id=11422, stack(0x00007f58f1a4c000,0x00007f58f1b4d000)]
  0x00007f58d0792800 JavaThread "Cache worker for file hash cache (/home/noor/AndroidStudioProjects/MedicosService/.gradle/7.0.2/fileHashes)" [_thread_blocked, id=11424, stack(0x00007f58f174b000,0x00007f58f184c000)]
  0x00007f58d07ae800 JavaThread "File watcher server" daemon [_thread_in_native, id=11425, stack(0x00007f58f164a000,0x00007f58f174b000)]
  0x00007f58d07c0800 JavaThread "File watcher consumer" daemon [_thread_blocked, id=11426, stack(0x00007f58f1549000,0x00007f58f164a000)]
  0x00007f58d07d7800 JavaThread "jar transforms" [_thread_blocked, id=11427, stack(0x00007f58f1248000,0x00007f58f1349000)]
  0x00007f58d07e0000 JavaThread "jar transforms Thread 2" [_thread_blocked, id=11428, stack(0x00007f58f1147000,0x00007f58f1248000)]
  0x00007f58d07e2800 JavaThread "jar transforms Thread 3" [_thread_blocked, id=11429, stack(0x00007f58f1046000,0x00007f58f1147000)]
  0x00007f58d07e4800 JavaThread "jar transforms Thread 4" [_thread_blocked, id=11430, stack(0x00007f58f0f45000,0x00007f58f1046000)]
  0x00007f58d08e2800 JavaThread "Cache worker for checksums cache (/home/noor/AndroidStudioProjects/MedicosService/.gradle/checksums)" [_thread_blocked, id=11431, stack(0x00007f58f0e44000,0x00007f58f0f45000)]
  0x00007f58d0931800 JavaThread "Cache worker for cache directory md-supplier (/home/noor/.gradle/caches/7.0.2/md-supplier)" [_thread_blocked, id=11432, stack(0x00007f58f0d43000,0x00007f58f0e44000)]
  0x00007f58d0a2f800 JavaThread "Cache worker for cache directory md-rule (/home/noor/.gradle/caches/7.0.2/md-rule)" [_thread_blocked, id=11433, stack(0x00007f58f0a42000,0x00007f58f0b43000)]
  0x00007f58d0a76000 JavaThread "Cache worker for execution history cache (/home/noor/.gradle/caches/7.0.2/executionHistory)" [_thread_blocked, id=11434, stack(0x00007f58f0941000,0x00007f58f0a42000)]
  0x00007f58d0cb8800 JavaThread "Cache worker for file content cache (/home/noor/.gradle/caches/7.0.2/fileContent)" [_thread_blocked, id=11435, stack(0x00007f58f0040000,0x00007f58f0141000)]
  0x00007f58d0f43800 JavaThread "Cache worker for dependencies-accessors (/home/noor/AndroidStudioProjects/MedicosService/.gradle/7.0.2/dependencies-accessors)" [_thread_blocked, id=11436, stack(0x00007f58bb8ff000,0x00007f58bba00000)]
  0x00007f58d0ff0000 JavaThread "Cache worker for Build Output Cleanup Cache (/home/noor/AndroidStudioProjects/MedicosService/.gradle/buildOutputCleanup)" [_thread_blocked, id=11437, stack(0x00007f58bb5fe000,0x00007f58bb6ff000)]
  0x00007f58d12c3800 JavaThread "Build operations" [_thread_blocked, id=11440, stack(0x00007f58bb2fd000,0x00007f58bb3fe000)]
  0x00007f58d12c5800 JavaThread "Build operations Thread 2" [_thread_blocked, id=11441, stack(0x00007f58bb1fc000,0x00007f58bb2fd000)]
  0x00007f58d12c8800 JavaThread "Build operations Thread 3" [_thread_blocked, id=11442, stack(0x00007f58bb0fb000,0x00007f58bb1fc000)]
  0x00007f58d12ca800 JavaThread "Build operations Thread 4" [_thread_blocked, id=11443, stack(0x00007f58baffa000,0x00007f58bb0fb000)]
  0x00007f58d1b0d000 JavaThread "Memory manager" [_thread_blocked, id=11444, stack(0x00007f58ba6f9000,0x00007f58ba7fa000)]
  0x00007f58d20fa800 JavaThread "pool-3-thread-1" [_thread_blocked, id=11458, stack(0x00007f58b95f8000,0x00007f58b96f9000)]

Other Threads:
=>0x00007f5950121000 VMThread "VM Thread" [stack: 0x00007f5929700000,0x00007f5929800000] [id=11384]
  0x00007f59501eb800 WatcherThread [stack: 0x00007f5928b1f000,0x00007f5928c1f000] [id=11393]
  0x00007f595002e800 GCTaskThread "GC Thread#0" [stack: 0x00007f5954402000,0x00007f5954502000] [id=11379]
  0x00007f5920001000 GCTaskThread "GC Thread#1" [stack: 0x00007f59285c8000,0x00007f59286c8000] [id=11394]
  0x00007f5920005000 GCTaskThread "GC Thread#2" [stack: 0x00007f58f2756000,0x00007f58f2856000] [id=11400]
  0x00007f5920006800 GCTaskThread "GC Thread#3" [stack: 0x00007f58f2655000,0x00007f58f2755000] [id=11401]
  0x00007f5950061800 ConcurrentGCThread "G1 Main Marker" [stack: 0x00007f593c731000,0x00007f593c831000] [id=11380]
  0x00007f5950063800 ConcurrentGCThread "G1 Conc#0" [stack: 0x00007f593c630000,0x00007f593c730000] [id=11381]
  0x00007f59500be800 ConcurrentGCThread "G1 Refine#0" [stack: 0x00007f593c12b000,0x00007f593c22b000] [id=11382]
  0x00007f59500c0800 ConcurrentGCThread "G1 Young RemSet Sampling" [stack: 0x00007f593c02a000,0x00007f593c12a000] [id=11383]

Threads with active compile tasks:
C2 CompilerThread0  83050 12268       4       java.beans.MethodRef::set (58 bytes)

VM state:at safepoint (normal execution)

VM Mutex/Monitor currently owned by a thread:  ([mutex/lock_event])
[0x00007f5950012e60] Threads_lock - owner thread: 0x00007f5950121000
[0x00007f5950013640] Heap_lock - owner thread: 0x00007f58dc009000

Heap address: 0x0000000080000000, size: 2048 MB, Compressed Oops mode: 32-bit
Narrow klass base: 0x0000000000000000, Narrow klass shift: 3
Compressed class space size: 1073741824 Address: 0x0000000100000000

Heap:
 garbage-first heap   total 332800K, used 118978K [0x0000000080000000, 0x0000000100000000)
  region size 1024K, 9 young (9216K), 9 survivors (9216K)
 Metaspace       used 103723K, capacity 106306K, committed 106624K, reserved 1142784K
  class space    used 13152K, capacity 14114K, committed 14208K, reserved 1048576K
Heap Regions: E=young(eden), S=young(survivor), O=old, HS=humongous(starts), HC=humongous(continues), CS=collection set, F=free, A=archive, TAMS=top-at-mark-start (previous, next)
|   0|0x0000000080000000, 0x0000000080100000, 0x0000000080100000|100%| O|  |TAMS 0x0000000080100000, 0x0000000080100000| Untracked 
|   1|0x0000000080100000, 0x0000000080200000, 0x0000000080200000|100%| O|  |TAMS 0x0000000080200000, 0x0000000080200000| Untracked 
|   2|0x0000000080200000, 0x0000000080300000, 0x0000000080300000|100%| O|  |TAMS 0x0000000080300000, 0x0000000080300000| Untracked 
|   3|0x0000000080300000, 0x0000000080400000, 0x0000000080400000|100%|HS|  |TAMS 0x0000000080400000, 0x0000000080400000| Complete 
|   4|0x0000000080400000, 0x0000000080500000, 0x0000000080500000|100%|HC|  |TAMS 0x0000000080500000, 0x0000000080500000| Complete 
|   5|0x0000000080500000, 0x0000000080600000, 0x0000000080600000|100%|HC|  |TAMS 0x0000000080600000, 0x0000000080600000| Complete 
|   6|0x0000000080600000, 0x0000000080700000, 0x0000000080700000|100%| O|  |TAMS 0x0000000080700000, 0x0000000080700000| Untracked 
|   7|0x0000000080700000, 0x0000000080800000, 0x0000000080800000|100%| O|  |TAMS 0x0000000080800000, 0x0000000080800000| Untracked 
|   8|0x0000000080800000, 0x0000000080900000, 0x0000000080900000|100%| O|  |TAMS 0x0000000080900000, 0x0000000080900000| Untracked 
|   9|0x0000000080900000, 0x0000000080a00000, 0x0000000080a00000|100%| O|  |TAMS 0x0000000080a00000, 0x0000000080a00000| Untracked 
|  10|0x0000000080a00000, 0x0000000080b00000, 0x0000000080b00000|100%| O|  |TAMS 0x0000000080b00000, 0x0000000080b00000| Untracked 
|  11|0x0000000080b00000, 0x0000000080c00000, 0x0000000080c00000|100%| O|  |TAMS 0x0000000080c00000, 0x0000000080c00000| Untracked 
|  12|0x0000000080c00000, 0x0000000080d00000, 0x0000000080d00000|100%| O|  |TAMS 0x0000000080d00000, 0x0000000080d00000| Untracked 
|  13|0x0000000080d00000, 0x0000000080e00000, 0x0000000080e00000|100%| O|  |TAMS 0x0000000080e00000, 0x0000000080e00000| Untracked 
|  14|0x0000000080e00000, 0x0000000080f00000, 0x0000000080f00000|100%|HS|  |TAMS 0x0000000080f00000, 0x0000000080f00000| Complete 
|  15|0x0000000080f00000, 0x0000000081000000, 0x0000000081000000|100%|HC|  |TAMS 0x0000000081000000, 0x0000000081000000| Complete 
|  16|0x0000000081000000, 0x0000000081100000, 0x0000000081100000|100%|HS|  |TAMS 0x0000000081100000, 0x0000000081100000| Complete 
|  17|0x0000000081100000, 0x0000000081200000, 0x0000000081200000|100%|HC|  |TAMS 0x0000000081200000, 0x0000000081200000| Complete 
|  18|0x0000000081200000, 0x0000000081300000, 0x0000000081300000|100%|HC|  |TAMS 0x0000000081300000, 0x0000000081300000| Complete 
|  19|0x0000000081300000, 0x0000000081400000, 0x0000000081400000|100%|HS|  |TAMS 0x0000000081400000, 0x0000000081400000| Complete 
|  20|0x0000000081400000, 0x0000000081500000, 0x0000000081500000|100%|HC|  |TAMS 0x0000000081500000, 0x0000000081500000| Complete 
|  21|0x0000000081500000, 0x0000000081600000, 0x0000000081600000|100%|HC|  |TAMS 0x0000000081600000, 0x0000000081600000| Complete 
|  22|0x0000000081600000, 0x0000000081700000, 0x0000000081700000|100%|HC|  |TAMS 0x0000000081700000, 0x0000000081700000| Complete 
|  23|0x0000000081700000, 0x0000000081800000, 0x0000000081800000|100%|HC|  |TAMS 0x0000000081800000, 0x0000000081800000| Complete 
|  24|0x0000000081800000, 0x0000000081900000, 0x0000000081900000|100%| O|  |TAMS 0x0000000081900000, 0x0000000081900000| Untracked 
|  25|0x0000000081900000, 0x0000000081a00000, 0x0000000081a00000|100%| O|  |TAMS 0x0000000081a00000, 0x0000000081a00000| Untracked 
|  26|0x0000000081a00000, 0x0000000081b00000, 0x0000000081b00000|100%| O|  |TAMS 0x0000000081b00000, 0x0000000081b00000| Untracked 
|  27|0x0000000081b00000, 0x0000000081c00000, 0x0000000081c00000|100%| O|  |TAMS 0x0000000081c00000, 0x0000000081c00000| Untracked 
|  28|0x0000000081c00000, 0x0000000081d00000, 0x0000000081d00000|100%| O|  |TAMS 0x0000000081d00000, 0x0000000081d00000| Untracked 
|  29|0x0000000081d00000, 0x0000000081e00000, 0x0000000081e00000|100%| O|  |TAMS 0x0000000081e00000, 0x0000000081e00000| Untracked 
|  30|0x0000000081e00000, 0x0000000081f00000, 0x0000000081f00000|100%| O|  |TAMS 0x0000000081f00000, 0x0000000081f00000| Untracked 
|  31|0x0000000081f00000, 0x0000000082000000, 0x0000000082000000|100%|HS|  |TAMS 0x0000000082000000, 0x0000000082000000| Complete 
|  32|0x0000000082000000, 0x0000000082100000, 0x0000000082100000|100%|HC|  |TAMS 0x0000000082100000, 0x0000000082100000| Complete 
|  33|0x0000000082100000, 0x0000000082200000, 0x0000000082200000|100%|HC|  |TAMS 0x0000000082200000, 0x0000000082200000| Complete 
|  34|0x0000000082200000, 0x0000000082300000, 0x0000000082300000|100%| O|  |TAMS 0x0000000082300000, 0x0000000082300000| Untracked 
|  35|0x0000000082300000, 0x0000000082400000, 0x0000000082400000|100%| O|  |TAMS 0x0000000082400000, 0x0000000082400000| Untracked 
|  36|0x0000000082400000, 0x0000000082500000, 0x0000000082500000|100%| O|  |TAMS 0x0000000082500000, 0x0000000082500000| Untracked 
|  37|0x0000000082500000, 0x0000000082600000, 0x0000000082600000|100%| O|  |TAMS 0x0000000082600000, 0x0000000082600000| Untracked 
|  38|0x0000000082600000, 0x0000000082700000, 0x0000000082700000|100%|HS|  |TAMS 0x0000000082700000, 0x0000000082700000| Complete 
|  39|0x0000000082700000, 0x0000000082800000, 0x0000000082800000|100%|HC|  |TAMS 0x0000000082800000, 0x0000000082800000| Complete 
|  40|0x0000000082800000, 0x0000000082900000, 0x0000000082900000|100%|HC|  |TAMS 0x0000000082900000, 0x0000000082900000| Complete 
|  41|0x0000000082900000, 0x0000000082a00000, 0x0000000082a00000|100%|HC|  |TAMS 0x0000000082a00000, 0x0000000082a00000| Complete 
|  42|0x0000000082a00000, 0x0000000082b00000, 0x0000000082b00000|100%|HC|  |TAMS 0x0000000082b00000, 0x0000000082b00000| Complete 
|  43|0x0000000082b00000, 0x0000000082c00000, 0x0000000082c00000|100%| O|  |TAMS 0x0000000082c00000, 0x0000000082c00000| Untracked 
|  44|0x0000000082c00000, 0x0000000082d00000, 0x0000000082d00000|100%| O|  |TAMS 0x0000000082d00000, 0x0000000082d00000| Untracked 
|  45|0x0000000082d00000, 0x0000000082e00000, 0x0000000082e00000|100%| O|  |TAMS 0x0000000082e00000, 0x0000000082e00000| Untracked 
|  46|0x0000000082e00000, 0x0000000082f00000, 0x0000000082f00000|100%| O|  |TAMS 0x0000000082f00000, 0x0000000082f00000| Untracked 
|  47|0x0000000082f00000, 0x0000000083000000, 0x0000000083000000|100%| O|  |TAMS 0x0000000083000000, 0x0000000083000000| Untracked 
|  48|0x0000000083000000, 0x0000000083100000, 0x0000000083100000|100%| O|  |TAMS 0x0000000083100000, 0x0000000083100000| Untracked 
|  49|0x0000000083100000, 0x0000000083200000, 0x0000000083200000|100%| O|  |TAMS 0x0000000083200000, 0x0000000083200000| Untracked 
|  50|0x0000000083200000, 0x0000000083300000, 0x0000000083300000|100%| O|  |TAMS 0x0000000083300000, 0x0000000083300000| Untracked 
|  51|0x0000000083300000, 0x0000000083400000, 0x0000000083400000|100%|HS|  |TAMS 0x0000000083400000, 0x0000000083400000| Complete 
|  52|0x0000000083400000, 0x0000000083500000, 0x0000000083500000|100%|HS|  |TAMS 0x0000000083500000, 0x0000000083500000| Complete 
|  53|0x0000000083500000, 0x0000000083600000, 0x0000000083600000|100%|HS|  |TAMS 0x0000000083600000, 0x0000000083600000| Complete 
|  54|0x0000000083600000, 0x0000000083700000, 0x0000000083700000|100%|HS|  |TAMS 0x0000000083700000, 0x0000000083700000| Complete 
|  55|0x0000000083700000, 0x0000000083800000, 0x0000000083800000|100%|HC|  |TAMS 0x0000000083800000, 0x0000000083800000| Complete 
|  56|0x0000000083800000, 0x0000000083900000, 0x0000000083900000|100%|HC|  |TAMS 0x0000000083900000, 0x0000000083900000| Complete 
|  57|0x0000000083900000, 0x0000000083a00000, 0x0000000083a00000|100%| O|  |TAMS 0x0000000083a00000, 0x0000000083a00000| Untracked 
|  58|0x0000000083a00000, 0x0000000083b00000, 0x0000000083b00000|100%| O|  |TAMS 0x0000000083b00000, 0x0000000083b00000| Untracked 
|  59|0x0000000083b00000, 0x0000000083c00000, 0x0000000083c00000|100%| O|  |TAMS 0x0000000083c00000, 0x0000000083c00000| Untracked 
|  60|0x0000000083c00000, 0x0000000083d00000, 0x0000000083d00000|100%| O|  |TAMS 0x0000000083d00000, 0x0000000083d00000| Untracked 
|  61|0x0000000083d00000, 0x0000000083e00000, 0x0000000083e00000|100%| O|  |TAMS 0x0000000083e00000, 0x0000000083e00000| Untracked 
|  62|0x0000000083e00000, 0x0000000083f00000, 0x0000000083f00000|100%|HS|  |TAMS 0x0000000083f00000, 0x0000000083f00000| Complete 
|  63|0x0000000083f00000, 0x0000000084000000, 0x0000000084000000|100%|HC|  |TAMS 0x0000000084000000, 0x0000000084000000| Complete 
|  64|0x0000000084000000, 0x0000000084100000, 0x0000000084100000|100%| O|  |TAMS 0x0000000084100000, 0x0000000084100000| Untracked 
|  65|0x0000000084100000, 0x0000000084200000, 0x0000000084200000|100%| O|  |TAMS 0x0000000084200000, 0x0000000084200000| Untracked 
|  66|0x0000000084200000, 0x0000000084300000, 0x0000000084300000|100%| O|  |TAMS 0x0000000084300000, 0x0000000084300000| Untracked 
|  67|0x0000000084300000, 0x0000000084400000, 0x0000000084400000|100%| O|  |TAMS 0x0000000084400000, 0x0000000084400000| Untracked 
|  68|0x0000000084400000, 0x0000000084500000, 0x0000000084500000|100%| O|  |TAMS 0x0000000084500000, 0x0000000084500000| Untracked 
|  69|0x0000000084500000, 0x0000000084600000, 0x0000000084600000|100%| O|  |TAMS 0x0000000084600000, 0x0000000084600000| Untracked 
|  70|0x0000000084600000, 0x0000000084700000, 0x0000000084700000|100%| O|  |TAMS 0x0000000084700000, 0x0000000084700000| Untracked 
|  71|0x0000000084700000, 0x0000000084800000, 0x0000000084800000|100%| O|  |TAMS 0x0000000084800000, 0x0000000084800000| Untracked 
|  72|0x0000000084800000, 0x0000000084900000, 0x0000000084900000|100%| O|  |TAMS 0x0000000084900000, 0x0000000084900000| Untracked 
|  73|0x0000000084900000, 0x0000000084a00000, 0x0000000084a00000|100%| O|  |TAMS 0x0000000084a00000, 0x0000000084a00000| Untracked 
|  74|0x0000000084a00000, 0x0000000084b00000, 0x0000000084b00000|100%| O|  |TAMS 0x0000000084b00000, 0x0000000084b00000| Untracked 
|  75|0x0000000084b00000, 0x0000000084c00000, 0x0000000084c00000|100%| O|  |TAMS 0x0000000084c00000, 0x0000000084c00000| Untracked 
|  76|0x0000000084c00000, 0x0000000084d00000, 0x0000000084d00000|100%| O|  |TAMS 0x0000000084d00000, 0x0000000084d00000| Untracked 
|  77|0x0000000084d00000, 0x0000000084e00000, 0x0000000084e00000|100%| O|  |TAMS 0x0000000084e00000, 0x0000000084e00000| Untracked 
|  78|0x0000000084e00000, 0x0000000084f00000, 0x0000000084f00000|100%| O|  |TAMS 0x0000000084f00000, 0x0000000084f00000| Untracked 
|  79|0x0000000084f00000, 0x0000000085000000, 0x0000000085000000|100%| O|  |TAMS 0x0000000085000000, 0x0000000085000000| Untracked 
|  80|0x0000000085000000, 0x0000000085100000, 0x0000000085100000|100%| O|  |TAMS 0x0000000085100000, 0x0000000085100000| Untracked 
|  81|0x0000000085100000, 0x0000000085200000, 0x0000000085200000|100%| O|  |TAMS 0x0000000085200000, 0x0000000085200000| Untracked 
|  82|0x0000000085200000, 0x0000000085300000, 0x0000000085300000|100%| O|  |TAMS 0x0000000085300000, 0x0000000085300000| Untracked 
|  83|0x0000000085300000, 0x0000000085400000, 0x0000000085400000|100%| O|  |TAMS 0x0000000085400000, 0x0000000085400000| Untracked 
|  84|0x0000000085400000, 0x0000000085500000, 0x0000000085500000|100%| O|  |TAMS 0x0000000085500000, 0x0000000085500000| Untracked 
|  85|0x0000000085500000, 0x0000000085600000, 0x0000000085600000|100%| O|  |TAMS 0x0000000085600000, 0x0000000085600000| Untracked 
|  86|0x0000000085600000, 0x0000000085700000, 0x0000000085700000|100%| O|  |TAMS 0x0000000085700000, 0x0000000085700000| Untracked 
|  87|0x0000000085700000, 0x0000000085800000, 0x0000000085800000|100%| O|  |TAMS 0x0000000085800000, 0x0000000085800000| Untracked 
|  88|0x0000000085800000, 0x0000000085900000, 0x0000000085900000|100%| O|  |TAMS 0x0000000085900000, 0x0000000085900000| Untracked 
|  89|0x0000000085900000, 0x0000000085a00000, 0x0000000085a00000|100%| O|  |TAMS 0x0000000085a00000, 0x0000000085a00000| Untracked 
|  90|0x0000000085a00000, 0x0000000085b00000, 0x0000000085b00000|100%| O|  |TAMS 0x0000000085b00000, 0x0000000085b00000| Untracked 
|  91|0x0000000085b00000, 0x0000000085c00000, 0x0000000085c00000|100%| O|  |TAMS 0x0000000085c00000, 0x0000000085c00000| Untracked 
|  92|0x0000000085c00000, 0x0000000085d00000, 0x0000000085d00000|100%| O|  |TAMS 0x0000000085cc1a00, 0x0000000085d00000| Untracked 
|  93|0x0000000085d00000, 0x0000000085e00000, 0x0000000085e00000|100%| O|  |TAMS 0x0000000085d00000, 0x0000000085e00000| Untracked 
|  94|0x0000000085e00000, 0x0000000085f00000, 0x0000000085f00000|100%| O|  |TAMS 0x0000000085e00000, 0x0000000085f00000| Untracked 
|  95|0x0000000085f00000, 0x0000000086000000, 0x0000000086000000|100%| O|  |TAMS 0x0000000085f00000, 0x0000000086000000| Untracked 
|  96|0x0000000086000000, 0x0000000086100000, 0x0000000086100000|100%| O|  |TAMS 0x0000000086000000, 0x0000000086100000| Untracked 
|  97|0x0000000086100000, 0x0000000086200000, 0x0000000086200000|100%| O|  |TAMS 0x0000000086100000, 0x0000000086200000| Untracked 
|  98|0x0000000086200000, 0x0000000086300000, 0x0000000086300000|100%| O|  |TAMS 0x0000000086200000, 0x0000000086300000| Untracked 
|  99|0x0000000086300000, 0x0000000086400000, 0x0000000086400000|100%| O|  |TAMS 0x0000000086300000, 0x0000000086400000| Untracked 
| 100|0x0000000086400000, 0x0000000086500000, 0x0000000086500000|100%| O|  |TAMS 0x0000000086400000, 0x0000000086500000| Untracked 
| 101|0x0000000086500000, 0x0000000086600000, 0x0000000086600000|100%| O|  |TAMS 0x0000000086500000, 0x0000000086600000| Untracked 
| 102|0x0000000086600000, 0x0000000086700000, 0x0000000086700000|100%| O|  |TAMS 0x0000000086600000, 0x0000000086700000| Untracked 
| 103|0x0000000086700000, 0x0000000086800000, 0x0000000086800000|100%| O|  |TAMS 0x0000000086700000, 0x0000000086800000| Untracked 
| 104|0x0000000086800000, 0x0000000086900000, 0x0000000086900000|100%| O|  |TAMS 0x0000000086800000, 0x0000000086900000| Untracked 
| 105|0x0000000086900000, 0x0000000086a00000, 0x0000000086a00000|100%| O|  |TAMS 0x0000000086900000, 0x0000000086a00000| Untracked 
| 106|0x0000000086a00000, 0x0000000086b00000, 0x0000000086b00000|100%| O|  |TAMS 0x0000000086a00000, 0x0000000086b00000| Untracked 
| 107|0x0000000086b00000, 0x0000000086bd8e00, 0x0000000086c00000| 84%| O|  |TAMS 0x0000000086b00000, 0x0000000086bd8e00| Untracked 
| 108|0x0000000086c00000, 0x0000000086c00000, 0x0000000086d00000|  0%| F|  |TAMS 0x0000000086c00000, 0x0000000086c00000| Untracked 
| 109|0x0000000086d00000, 0x0000000086d00000, 0x0000000086e00000|  0%| F|  |TAMS 0x0000000086d00000, 0x0000000086d00000| Untracked 
| 110|0x0000000086e00000, 0x0000000086e00000, 0x0000000086f00000|  0%| F|  |TAMS 0x0000000086e00000, 0x0000000086e00000| Untracked 
| 111|0x0000000086f00000, 0x0000000086f00000, 0x0000000087000000|  0%| F|  |TAMS 0x0000000086f00000, 0x0000000086f00000| Untracked 
| 112|0x0000000087000000, 0x0000000087000000, 0x0000000087100000|  0%| F|  |TAMS 0x0000000087000000, 0x0000000087000000| Untracked 
| 113|0x0000000087100000, 0x0000000087100000, 0x0000000087200000|  0%| F|  |TAMS 0x0000000087100000, 0x0000000087100000| Untracked 
| 114|0x0000000087200000, 0x0000000087200000, 0x0000000087300000|  0%| F|  |TAMS 0x0000000087200000, 0x0000000087200000| Untracked 
| 115|0x0000000087300000, 0x0000000087300000, 0x0000000087400000|  0%| F|  |TAMS 0x0000000087300000, 0x0000000087300000| Untracked 
| 116|0x0000000087400000, 0x0000000087400000, 0x0000000087500000|  0%| F|  |TAMS 0x0000000087400000, 0x0000000087400000| Untracked 
| 117|0x0000000087500000, 0x0000000087500000, 0x0000000087600000|  0%| F|  |TAMS 0x0000000087500000, 0x0000000087500000| Untracked 
| 118|0x0000000087600000, 0x0000000087600000, 0x0000000087700000|  0%| F|  |TAMS 0x0000000087600000, 0x0000000087600000| Untracked 
| 119|0x0000000087700000, 0x0000000087700000, 0x0000000087800000|  0%| F|  |TAMS 0x0000000087700000, 0x0000000087700000| Untracked 
| 120|0x0000000087800000, 0x0000000087800000, 0x0000000087900000|  0%| F|  |TAMS 0x0000000087800000, 0x0000000087800000| Untracked 
| 121|0x0000000087900000, 0x0000000087900000, 0x0000000087a00000|  0%| F|  |TAMS 0x0000000087900000, 0x0000000087900000| Untracked 
| 122|0x0000000087a00000, 0x0000000087a00000, 0x0000000087b00000|  0%| F|  |TAMS 0x0000000087a00000, 0x0000000087a00000| Untracked 
| 123|0x0000000087b00000, 0x0000000087b00000, 0x0000000087c00000|  0%| F|  |TAMS 0x0000000087b00000, 0x0000000087b00000| Untracked 
| 124|0x0000000087c00000, 0x0000000087c00000, 0x0000000087d00000|  0%| F|  |TAMS 0x0000000087c00000, 0x0000000087c00000| Untracked 
| 125|0x0000000087d00000, 0x0000000087d00000, 0x0000000087e00000|  0%| F|  |TAMS 0x0000000087d00000, 0x0000000087d00000| Untracked 
| 126|0x0000000087e00000, 0x0000000087e00000, 0x0000000087f00000|  0%| F|  |TAMS 0x0000000087e00000, 0x0000000087e00000| Untracked 
| 127|0x0000000087f00000, 0x0000000087f00000, 0x0000000088000000|  0%| F|  |TAMS 0x0000000087f00000, 0x0000000087f00000| Untracked 
| 128|0x0000000088000000, 0x0000000088000000, 0x0000000088100000|  0%| F|  |TAMS 0x0000000088000000, 0x0000000088000000| Untracked 
| 129|0x0000000088100000, 0x0000000088100000, 0x0000000088200000|  0%| F|  |TAMS 0x0000000088100000, 0x0000000088100000| Untracked 
| 130|0x0000000088200000, 0x0000000088200000, 0x0000000088300000|  0%| F|  |TAMS 0x0000000088200000, 0x0000000088200000| Untracked 
| 131|0x0000000088300000, 0x0000000088300000, 0x0000000088400000|  0%| F|  |TAMS 0x0000000088300000, 0x0000000088300000| Untracked 
| 132|0x0000000088400000, 0x0000000088400000, 0x0000000088500000|  0%| F|  |TAMS 0x0000000088400000, 0x0000000088400000| Untracked 
| 133|0x0000000088500000, 0x0000000088500000, 0x0000000088600000|  0%| F|  |TAMS 0x0000000088500000, 0x0000000088500000| Untracked 
| 134|0x0000000088600000, 0x0000000088600000, 0x0000000088700000|  0%| F|  |TAMS 0x0000000088600000, 0x0000000088600000| Untracked 
| 135|0x0000000088700000, 0x0000000088700000, 0x0000000088800000|  0%| F|  |TAMS 0x0000000088700000, 0x0000000088700000| Untracked 
| 136|0x0000000088800000, 0x0000000088800000, 0x0000000088900000|  0%| F|  |TAMS 0x0000000088800000, 0x0000000088800000| Untracked 
| 137|0x0000000088900000, 0x0000000088900000, 0x0000000088a00000|  0%| F|  |TAMS 0x0000000088900000, 0x0000000088900000| Untracked 
| 138|0x0000000088a00000, 0x0000000088a00000, 0x0000000088b00000|  0%| F|  |TAMS 0x0000000088a00000, 0x0000000088a00000| Untracked 
| 139|0x0000000088b00000, 0x0000000088b57aa8, 0x0000000088c00000| 34%| S|CS|TAMS 0x0000000088b00000, 0x0000000088b00000| Complete 
| 140|0x0000000088c00000, 0x0000000088d00000, 0x0000000088d00000|100%| S|CS|TAMS 0x0000000088c00000, 0x0000000088c00000| Complete 
| 141|0x0000000088d00000, 0x0000000088e00000, 0x0000000088e00000|100%| S|CS|TAMS 0x0000000088d00000, 0x0000000088d00000| Complete 
| 142|0x0000000088e00000, 0x0000000088f00000, 0x0000000088f00000|100%| S|CS|TAMS 0x0000000088e00000, 0x0000000088e00000| Complete 
| 143|0x0000000088f00000, 0x0000000089000000, 0x0000000089000000|100%| S|CS|TAMS 0x0000000088f00000, 0x0000000088f00000| Complete 
| 144|0x0000000089000000, 0x0000000089100000, 0x0000000089100000|100%| S|CS|TAMS 0x0000000089000000, 0x0000000089000000| Complete 
| 145|0x0000000089100000, 0x0000000089200000, 0x0000000089200000|100%| S|CS|TAMS 0x0000000089100000, 0x0000000089100000| Complete 
| 146|0x0000000089200000, 0x0000000089300000, 0x0000000089300000|100%| S|CS|TAMS 0x0000000089200000, 0x0000000089200000| Complete 
| 147|0x0000000089300000, 0x0000000089400000, 0x0000000089400000|100%| S|CS|TAMS 0x0000000089300000, 0x0000000089300000| Complete 
| 148|0x0000000089400000, 0x0000000089400000, 0x0000000089500000|  0%| F|  |TAMS 0x0000000089400000, 0x0000000089400000| Untracked 
| 149|0x0000000089500000, 0x0000000089500000, 0x0000000089600000|  0%| F|  |TAMS 0x0000000089500000, 0x0000000089500000| Untracked 
| 150|0x0000000089600000, 0x0000000089600000, 0x0000000089700000|  0%| F|  |TAMS 0x0000000089600000, 0x0000000089600000| Untracked 
| 151|0x0000000089700000, 0x0000000089700000, 0x0000000089800000|  0%| F|  |TAMS 0x0000000089700000, 0x0000000089700000| Untracked 
| 152|0x0000000089800000, 0x0000000089800000, 0x0000000089900000|  0%| F|  |TAMS 0x0000000089800000, 0x0000000089800000| Untracked 
| 153|0x0000000089900000, 0x0000000089900000, 0x0000000089a00000|  0%| F|  |TAMS 0x0000000089900000, 0x0000000089900000| Untracked 
| 154|0x0000000089a00000, 0x0000000089a00000, 0x0000000089b00000|  0%| F|  |TAMS 0x0000000089a00000, 0x0000000089a00000| Untracked 
| 155|0x0000000089b00000, 0x0000000089b00000, 0x0000000089c00000|  0%| F|  |TAMS 0x0000000089b00000, 0x0000000089b00000| Untracked 
| 156|0x0000000089c00000, 0x0000000089c00000, 0x0000000089d00000|  0%| F|  |TAMS 0x0000000089c00000, 0x0000000089c00000| Untracked 
| 157|0x0000000089d00000, 0x0000000089d00000, 0x0000000089e00000|  0%| F|  |TAMS 0x0000000089d00000, 0x0000000089d00000| Untracked 
| 158|0x0000000089e00000, 0x0000000089e00000, 0x0000000089f00000|  0%| F|  |TAMS 0x0000000089e00000, 0x0000000089e00000| Untracked 
| 159|0x0000000089f00000, 0x0000000089f00000, 0x000000008a000000|  0%| F|  |TAMS 0x0000000089f00000, 0x0000000089f00000| Untracked 
| 160|0x000000008a000000, 0x000000008a000000, 0x000000008a100000|  0%| F|  |TAMS 0x000000008a000000, 0x000000008a000000| Untracked 
| 161|0x000000008a100000, 0x000000008a100000, 0x000000008a200000|  0%| F|  |TAMS 0x000000008a100000, 0x000000008a100000| Untracked 
| 162|0x000000008a200000, 0x000000008a200000, 0x000000008a300000|  0%| F|  |TAMS 0x000000008a200000, 0x000000008a200000| Untracked 
| 163|0x000000008a300000, 0x000000008a300000, 0x000000008a400000|  0%| F|  |TAMS 0x000000008a300000, 0x000000008a300000| Untracked 
| 164|0x000000008a400000, 0x000000008a400000, 0x000000008a500000|  0%| F|  |TAMS 0x000000008a400000, 0x000000008a400000| Untracked 
| 165|0x000000008a500000, 0x000000008a500000, 0x000000008a600000|  0%| F|  |TAMS 0x000000008a500000, 0x000000008a500000| Untracked 
| 166|0x000000008a600000, 0x000000008a600000, 0x000000008a700000|  0%| F|  |TAMS 0x000000008a600000, 0x000000008a600000| Untracked 
| 167|0x000000008a700000, 0x000000008a700000, 0x000000008a800000|  0%| F|  |TAMS 0x000000008a700000, 0x000000008a700000| Untracked 
| 168|0x000000008a800000, 0x000000008a800000, 0x000000008a900000|  0%| F|  |TAMS 0x000000008a800000, 0x000000008a800000| Untracked 
| 169|0x000000008a900000, 0x000000008a900000, 0x000000008aa00000|  0%| F|  |TAMS 0x000000008a900000, 0x000000008a900000| Untracked 
| 170|0x000000008aa00000, 0x000000008aa00000, 0x000000008ab00000|  0%| F|  |TAMS 0x000000008aa00000, 0x000000008aa00000| Untracked 
| 171|0x000000008ab00000, 0x000000008ab00000, 0x000000008ac00000|  0%| F|  |TAMS 0x000000008ab00000, 0x000000008ab00000| Untracked 
| 172|0x000000008ac00000, 0x000000008ac00000, 0x000000008ad00000|  0%| F|  |TAMS 0x000000008ac00000, 0x000000008ac00000| Untracked 
| 173|0x000000008ad00000, 0x000000008ad00000, 0x000000008ae00000|  0%| F|  |TAMS 0x000000008ad00000, 0x000000008ad00000| Untracked 
| 174|0x000000008ae00000, 0x000000008ae00000, 0x000000008af00000|  0%| F|  |TAMS 0x000000008ae00000, 0x000000008ae00000| Untracked 
| 175|0x000000008af00000, 0x000000008af00000, 0x000000008b000000|  0%| F|  |TAMS 0x000000008af00000, 0x000000008af00000| Untracked 
| 176|0x000000008b000000, 0x000000008b000000, 0x000000008b100000|  0%| F|  |TAMS 0x000000008b000000, 0x000000008b000000| Untracked 
| 177|0x000000008b100000, 0x000000008b100000, 0x000000008b200000|  0%| F|  |TAMS 0x000000008b100000, 0x000000008b100000| Untracked 
| 178|0x000000008b200000, 0x000000008b200000, 0x000000008b300000|  0%| F|  |TAMS 0x000000008b200000, 0x000000008b200000| Untracked 
| 179|0x000000008b300000, 0x000000008b300000, 0x000000008b400000|  0%| F|  |TAMS 0x000000008b300000, 0x000000008b300000| Untracked 
| 180|0x000000008b400000, 0x000000008b400000, 0x000000008b500000|  0%| F|  |TAMS 0x000000008b400000, 0x000000008b400000| Untracked 
| 181|0x000000008b500000, 0x000000008b500000, 0x000000008b600000|  0%| F|  |TAMS 0x000000008b500000, 0x000000008b500000| Untracked 
| 182|0x000000008b600000, 0x000000008b600000, 0x000000008b700000|  0%| F|  |TAMS 0x000000008b600000, 0x000000008b600000| Untracked 
| 183|0x000000008b700000, 0x000000008b700000, 0x000000008b800000|  0%| F|  |TAMS 0x000000008b700000, 0x000000008b700000| Untracked 
| 184|0x000000008b800000, 0x000000008b800000, 0x000000008b900000|  0%| F|  |TAMS 0x000000008b800000, 0x000000008b800000| Untracked 
| 185|0x000000008b900000, 0x000000008b900000, 0x000000008ba00000|  0%| F|  |TAMS 0x000000008b900000, 0x000000008b900000| Untracked 
| 186|0x000000008ba00000, 0x000000008ba00000, 0x000000008bb00000|  0%| F|  |TAMS 0x000000008ba00000, 0x000000008ba00000| Untracked 
| 187|0x000000008bb00000, 0x000000008bb00000, 0x000000008bc00000|  0%| F|  |TAMS 0x000000008bb00000, 0x000000008bb00000| Untracked 
| 188|0x000000008bc00000, 0x000000008bc00000, 0x000000008bd00000|  0%| F|  |TAMS 0x000000008bc00000, 0x000000008bc00000| Untracked 
| 189|0x000000008bd00000, 0x000000008bd00000, 0x000000008be00000|  0%| F|  |TAMS 0x000000008bd00000, 0x000000008bd00000| Untracked 
| 190|0x000000008be00000, 0x000000008be00000, 0x000000008bf00000|  0%| F|  |TAMS 0x000000008be00000, 0x000000008be00000| Untracked 
| 191|0x000000008bf00000, 0x000000008bf00000, 0x000000008c000000|  0%| F|  |TAMS 0x000000008bf00000, 0x000000008bf00000| Untracked 
| 192|0x000000008c000000, 0x000000008c000000, 0x000000008c100000|  0%| F|  |TAMS 0x000000008c000000, 0x000000008c000000| Untracked 
| 193|0x000000008c100000, 0x000000008c100000, 0x000000008c200000|  0%| F|  |TAMS 0x000000008c100000, 0x000000008c100000| Untracked 
| 194|0x000000008c200000, 0x000000008c200000, 0x000000008c300000|  0%| F|  |TAMS 0x000000008c200000, 0x000000008c200000| Untracked 
| 195|0x000000008c300000, 0x000000008c300000, 0x000000008c400000|  0%| F|  |TAMS 0x000000008c300000, 0x000000008c300000| Untracked 
| 196|0x000000008c400000, 0x000000008c400000, 0x000000008c500000|  0%| F|  |TAMS 0x000000008c400000, 0x000000008c400000| Untracked 
| 197|0x000000008c500000, 0x000000008c500000, 0x000000008c600000|  0%| F|  |TAMS 0x000000008c500000, 0x000000008c500000| Untracked 
| 198|0x000000008c600000, 0x000000008c600000, 0x000000008c700000|  0%| F|  |TAMS 0x000000008c600000, 0x000000008c600000| Untracked 
| 199|0x000000008c700000, 0x000000008c700000, 0x000000008c800000|  0%| F|  |TAMS 0x000000008c700000, 0x000000008c700000| Untracked 
| 200|0x000000008c800000, 0x000000008c800000, 0x000000008c900000|  0%| F|  |TAMS 0x000000008c800000, 0x000000008c800000| Untracked 
| 201|0x000000008c900000, 0x000000008c900000, 0x000000008ca00000|  0%| F|  |TAMS 0x000000008c900000, 0x000000008c900000| Untracked 
| 202|0x000000008ca00000, 0x000000008ca00000, 0x000000008cb00000|  0%| F|  |TAMS 0x000000008ca00000, 0x000000008ca00000| Untracked 
| 203|0x000000008cb00000, 0x000000008cb00000, 0x000000008cc00000|  0%| F|  |TAMS 0x000000008cb00000, 0x000000008cb00000| Untracked 
| 204|0x000000008cc00000, 0x000000008cc00000, 0x000000008cd00000|  0%| F|  |TAMS 0x000000008cc00000, 0x000000008cc00000| Untracked 
| 205|0x000000008cd00000, 0x000000008cd00000, 0x000000008ce00000|  0%| F|  |TAMS 0x000000008cd00000, 0x000000008cd00000| Untracked 
| 206|0x000000008ce00000, 0x000000008ce00000, 0x000000008cf00000|  0%| F|  |TAMS 0x000000008ce00000, 0x000000008ce00000| Untracked 
| 207|0x000000008cf00000, 0x000000008cf00000, 0x000000008d000000|  0%| F|  |TAMS 0x000000008cf00000, 0x000000008cf00000| Untracked 
| 208|0x000000008d000000, 0x000000008d000000, 0x000000008d100000|  0%| F|  |TAMS 0x000000008d000000, 0x000000008d000000| Untracked 
| 209|0x000000008d100000, 0x000000008d100000, 0x000000008d200000|  0%| F|  |TAMS 0x000000008d100000, 0x000000008d100000| Untracked 
| 210|0x000000008d200000, 0x000000008d200000, 0x000000008d300000|  0%| F|  |TAMS 0x000000008d200000, 0x000000008d200000| Untracked 
| 211|0x000000008d300000, 0x000000008d300000, 0x000000008d400000|  0%| F|  |TAMS 0x000000008d300000, 0x000000008d300000| Untracked 
| 212|0x000000008d400000, 0x000000008d400000, 0x000000008d500000|  0%| F|  |TAMS 0x000000008d400000, 0x000000008d400000| Untracked 
| 213|0x000000008d500000, 0x000000008d500000, 0x000000008d600000|  0%| F|  |TAMS 0x000000008d500000, 0x000000008d500000| Untracked 
| 214|0x000000008d600000, 0x000000008d600000, 0x000000008d700000|  0%| F|  |TAMS 0x000000008d600000, 0x000000008d600000| Untracked 
| 215|0x000000008d700000, 0x000000008d700000, 0x000000008d800000|  0%| F|  |TAMS 0x000000008d700000, 0x000000008d700000| Untracked 
| 216|0x000000008d800000, 0x000000008d800000, 0x000000008d900000|  0%| F|  |TAMS 0x000000008d800000, 0x000000008d800000| Untracked 
| 217|0x000000008d900000, 0x000000008d900000, 0x000000008da00000|  0%| F|  |TAMS 0x000000008d900000, 0x000000008d900000| Untracked 
| 218|0x000000008da00000, 0x000000008da00000, 0x000000008db00000|  0%| F|  |TAMS 0x000000008da00000, 0x000000008da00000| Untracked 
| 219|0x000000008db00000, 0x000000008db00000, 0x000000008dc00000|  0%| F|  |TAMS 0x000000008db00000, 0x000000008db00000| Untracked 
| 220|0x000000008dc00000, 0x000000008dc00000, 0x000000008dd00000|  0%| F|  |TAMS 0x000000008dc00000, 0x000000008dc00000| Untracked 
| 221|0x000000008dd00000, 0x000000008dd00000, 0x000000008de00000|  0%| F|  |TAMS 0x000000008dd00000, 0x000000008dd00000| Untracked 
| 222|0x000000008de00000, 0x000000008de00000, 0x000000008df00000|  0%| F|  |TAMS 0x000000008de00000, 0x000000008de00000| Untracked 
| 223|0x000000008df00000, 0x000000008df00000, 0x000000008e000000|  0%| F|  |TAMS 0x000000008df00000, 0x000000008df00000| Untracked 
| 224|0x000000008e000000, 0x000000008e000000, 0x000000008e100000|  0%| F|  |TAMS 0x000000008e000000, 0x000000008e000000| Untracked 
| 225|0x000000008e100000, 0x000000008e100000, 0x000000008e200000|  0%| F|  |TAMS 0x000000008e100000, 0x000000008e100000| Untracked 
| 226|0x000000008e200000, 0x000000008e200000, 0x000000008e300000|  0%| F|  |TAMS 0x000000008e200000, 0x000000008e200000| Untracked 
| 227|0x000000008e300000, 0x000000008e300000, 0x000000008e400000|  0%| F|  |TAMS 0x000000008e300000, 0x000000008e300000| Untracked 
| 228|0x000000008e400000, 0x000000008e400000, 0x000000008e500000|  0%| F|  |TAMS 0x000000008e400000, 0x000000008e400000| Untracked 
| 229|0x000000008e500000, 0x000000008e500000, 0x000000008e600000|  0%| F|  |TAMS 0x000000008e500000, 0x000000008e500000| Untracked 
| 230|0x000000008e600000, 0x000000008e600000, 0x000000008e700000|  0%| F|  |TAMS 0x000000008e600000, 0x000000008e600000| Untracked 

Card table byte_map: [0x00007f593cc31000,0x00007f593d031000] _byte_map_base: 0x00007f593c831000

Marking Bits (Prev, Next): (CMBitMap*) 0x00007f5950058bc0, (CMBitMap*) 0x00007f5950058b88
 Prev Bits: [0x00007f5934000000, 0x00007f5936000000)
 Next Bits: [0x00007f5936000000, 0x00007f5938000000)

Polling page: 0x00007f5957b62000

Metaspace:

Usage:
  Non-class:     90.03 MB capacity,    88.45 MB ( 98%) used,     1.30 MB (  1%) free+waste,   286.62 KB ( <1%) overhead. 
      Class:     13.78 MB capacity,    12.84 MB ( 93%) used,   830.36 KB (  6%) free+waste,   130.81 KB ( <1%) overhead. 
       Both:    103.81 MB capacity,   101.29 MB ( 98%) used,     2.11 MB (  2%) free+waste,   417.44 KB ( <1%) overhead. 

Virtual space:
  Non-class space:       92.00 MB reserved,      90.25 MB ( 98%) committed 
      Class space:        1.00 GB reserved,      13.88 MB (  1%) committed 
             Both:        1.09 GB reserved,     104.12 MB (  9%) committed 

Chunk freelists:
   Non-Class:  32.00 KB
       Class:  30.00 KB
        Both:  62.00 KB

MaxMetaspaceSize: unlimited
CompressedClassSpaceSize: 1.00 GB

CodeHeap 'non-profiled nmethods': size=120032Kb used=5529Kb max_used=5529Kb free=114502Kb
 bounds [0x00007f5944ffa000, 0x00007f594556a000, 0x00007f594c532000]
CodeHeap 'profiled nmethods': size=120032Kb used=24175Kb max_used=24175Kb free=95856Kb
 bounds [0x00007f593dac2000, 0x00007f593f262000, 0x00007f5944ffa000]
CodeHeap 'non-nmethods': size=5696Kb used=2290Kb max_used=2338Kb free=3405Kb
 bounds [0x00007f593d532000, 0x00007f593d7a2000, 0x00007f593dac2000]
 total_blobs=12814 nmethods=11886 adapters=840
 compilation: enabled
              stopped_count=0, restarted_count=0
 full_count=0

Compilation events (20 events):
Event: 82.714 Thread 0x00007f5950148800 12284       3       com.amazon.ion.impl.bin.IonRawBinaryWriter$PatchList$1::next (5 bytes)
Event: 82.714 Thread 0x00007f5950148800 nmethod 12284 0x00007f593f256590 code [0x00007f593f256740, 0x00007f593f256860]
Event: 82.714 Thread 0x00007f5950148800 12283       3       com.amazon.ion.impl.bin.IonRawBinaryWriter$PatchList::append (43 bytes)
Event: 82.715 Thread 0x00007f5950148800 nmethod 12283 0x00007f593f256910 code [0x00007f593f256ae0, 0x00007f593f256f30]
Event: 82.715 Thread 0x00007f5950148800 12279       3       com.amazon.ion.impl.bin.WriteBuffer::getUInt8At (41 bytes)
Event: 82.715 Thread 0x00007f5950148800 nmethod 12279 0x00007f593f257090 code [0x00007f593f2572a0, 0x00007f593f257820]
Event: 82.716 Thread 0x00007f5950148800 12286       1       org.gradle.api.internal.project.DefaultProject::getProjectDir (5 bytes)
Event: 82.716 Thread 0x00007f5950148800 nmethod 12286 0x00007f594555e210 code [0x00007f594555e3c0, 0x00007f594555e470]
Event: 82.718 Thread 0x00007f5950148800 12287   !   3       org.gradle.launcher.daemon.server.SynchronizedDispatchConnection::dispatchAndFlush (118 bytes)
Event: 82.720 Thread 0x00007f5950148800 nmethod 12287 0x00007f593f257b10 code [0x00007f593f257e00, 0x00007f593f258ec0]
Event: 82.720 Thread 0x00007f5950148800 12288   !   3       org.gradle.internal.remote.internal.inet.SocketConnection::dispatch (134 bytes)
Event: 82.723 Thread 0x00007f5950148800 nmethod 12288 0x00007f593f259610 code [0x00007f593f259bc0, 0x00007f593f25cda0]
Event: 82.723 Thread 0x00007f5950148800 12289       1       org.gradle.internal.logging.events.ProgressStartEvent::getDescription (5 bytes)
Event: 82.724 Thread 0x00007f5950148800 nmethod 12289 0x00007f594555e510 code [0x00007f594555e6c0, 0x00007f594555e770]
Event: 82.724 Thread 0x00007f5950148800 12290       1       org.gradle.internal.logging.events.ProgressStartEvent::getTotalProgress (5 bytes)
Event: 82.724 Thread 0x00007f5950148800 nmethod 12290 0x00007f594555e810 code [0x00007f594555e9c0, 0x00007f594555ea70]
Event: 82.743 Thread 0x00007f5950146800 nmethod 12266 0x00007f594555eb10 code [0x00007f594555ed20, 0x00007f594555fa58]
Event: 82.743 Thread 0x00007f5950146800 12254       4       java.util.Hashtable$Enumerator::nextElement (111 bytes)
Event: 82.748 Thread 0x00007f5950146800 nmethod 12254 0x00007f5945560010 code [0x00007f59455601a0, 0x00007f59455604b8]
Event: 82.748 Thread 0x00007f5950146800 12268       4       java.beans.MethodRef::set (58 bytes)

GC Heap History (20 events):
Event: 19.193 GC heap after
{Heap after GC invocations=24 (full 0):
 garbage-first heap   total 163840K, used 81533K [0x0000000080000000, 0x0000000100000000)
  region size 1024K, 4 young (4096K), 4 survivors (4096K)
 Metaspace       used 67982K, capacity 69744K, committed 69888K, reserved 1110016K
  class space    used 8584K, capacity 9191K, committed 9216K, reserved 1048576K
}
Event: 19.859 GC heap before
{Heap before GC invocations=24 (full 0):
 garbage-first heap   total 163840K, used 121469K [0x0000000080000000, 0x0000000100000000)
  region size 1024K, 43 young (44032K), 4 survivors (4096K)
 Metaspace       used 69705K, capacity 71596K, committed 71936K, reserved 1112064K
  class space    used 8815K, capacity 9466K, committed 9472K, reserved 1048576K
}
Event: 19.885 GC heap after
{Heap after GC invocations=25 (full 0):
 garbage-first heap   total 163840K, used 85173K [0x0000000080000000, 0x0000000100000000)
  region size 1024K, 6 young (6144K), 6 survivors (6144K)
 Metaspace       used 69705K, capacity 71596K, committed 71936K, reserved 1112064K
  class space    used 8815K, capacity 9466K, committed 9472K, reserved 1048576K
}
Event: 20.837 GC heap before
{Heap before GC invocations=26 (full 0):
 garbage-first heap   total 163840K, used 125109K [0x0000000080000000, 0x0000000100000000)
  region size 1024K, 45 young (46080K), 6 survivors (6144K)
 Metaspace       used 73792K, capacity 75759K, committed 76032K, reserved 1116160K
  class space    used 9494K, capacity 10167K, committed 10240K, reserved 1048576K
}
Event: 20.861 GC heap after
{Heap after GC invocations=27 (full 0):
 garbage-first heap   total 196608K, used 87809K [0x0000000080000000, 0x0000000100000000)
  region size 1024K, 3 young (3072K), 3 survivors (3072K)
 Metaspace       used 73792K, capacity 75759K, committed 76032K, reserved 1116160K
  class space    used 9494K, capacity 10167K, committed 10240K, reserved 1048576K
}
Event: 21.507 GC heap before
{Heap before GC invocations=27 (full 0):
 garbage-first heap   total 196608K, used 139009K [0x0000000080000000, 0x0000000100000000)
  region size 1024K, 53 young (54272K), 3 survivors (3072K)
 Metaspace       used 75557K, capacity 77531K, committed 77824K, reserved 1116160K
  class space    used 9769K, capacity 10440K, committed 10496K, reserved 1048576K
}
Event: 21.530 GC heap after
{Heap after GC invocations=28 (full 0):
 garbage-first heap   total 196608K, used 90749K [0x0000000080000000, 0x0000000100000000)
  region size 1024K, 6 young (6144K), 6 survivors (6144K)
 Metaspace       used 75557K, capacity 77531K, committed 77824K, reserved 1116160K
  class space    used 9769K, capacity 10440K, committed 10496K, reserved 1048576K
}
Event: 23.643 GC heap before
{Heap before GC invocations=28 (full 0):
 garbage-first heap   total 196608K, used 141949K [0x0000000080000000, 0x0000000100000000)
  region size 1024K, 57 young (58368K), 6 survivors (6144K)
 Metaspace       used 79911K, capacity 81940K, committed 82176K, reserved 1120256K
  class space    used 10240K, capacity 10915K, committed 11008K, reserved 1048576K
}
Event: 23.667 GC heap after
{Heap after GC invocations=29 (full 0):
 garbage-first heap   total 196608K, used 95314K [0x0000000080000000, 0x0000000100000000)
  region size 1024K, 8 young (8192K), 8 survivors (8192K)
 Metaspace       used 79911K, capacity 81940K, committed 82176K, reserved 1120256K
  class space    used 10240K, capacity 10915K, committed 11008K, reserved 1048576K
}
Event: 24.664 GC heap before
{Heap before GC invocations=29 (full 0):
 garbage-first heap   total 196608K, used 133202K [0x0000000080000000, 0x0000000100000000)
  region size 1024K, 47 young (48128K), 8 survivors (8192K)
 Metaspace       used 82592K, capacity 84704K, committed 84864K, reserved 1122304K
  class space    used 10575K, capacity 11280K, committed 11392K, reserved 1048576K
}
Event: 24.708 GC heap after
{Heap after GC invocations=30 (full 0):
 garbage-first heap   total 196608K, used 99410K [0x0000000080000000, 0x0000000100000000)
  region size 1024K, 5 young (5120K), 5 survivors (5120K)
 Metaspace       used 82592K, capacity 84704K, committed 84864K, reserved 1122304K
  class space    used 10575K, capacity 11280K, committed 11392K, reserved 1048576K
}
Event: 27.299 GC heap before
{Heap before GC invocations=31 (full 0):
 garbage-first heap   total 196608K, used 151634K [0x0000000080000000, 0x0000000100000000)
  region size 1024K, 55 young (56320K), 5 survivors (5120K)
 Metaspace       used 89678K, capacity 91931K, committed 92032K, reserved 1128448K
  class space    used 11415K, capacity 12160K, committed 12160K, reserved 1048576K
}
Event: 27.332 GC heap after
{Heap after GC invocations=32 (full 0):
 garbage-first heap   total 236544K, used 100601K [0x0000000080000000, 0x0000000100000000)
  region size 1024K, 6 young (6144K), 6 survivors (6144K)
 Metaspace       used 89678K, capacity 91931K, committed 92032K, reserved 1128448K
  class space    used 11415K, capacity 12160K, committed 12160K, reserved 1048576K
}
Event: 31.307 GC heap before
{Heap before GC invocations=32 (full 0):
 garbage-first heap   total 236544K, used 172281K [0x0000000080000000, 0x0000000100000000)
  region size 1024K, 77 young (78848K), 6 survivors (6144K)
 Metaspace       used 92739K, capacity 95118K, committed 95360K, reserved 1132544K
  class space    used 11785K, capacity 12597K, committed 12672K, reserved 1048576K
}
Event: 31.419 GC heap after
{Heap after GC invocations=33 (full 0):
 garbage-first heap   total 236544K, used 106407K [0x0000000080000000, 0x0000000100000000)
  region size 1024K, 9 young (9216K), 9 survivors (9216K)
 Metaspace       used 92739K, capacity 95118K, committed 95360K, reserved 1132544K
  class space    used 11785K, capacity 12597K, committed 12672K, reserved 1048576K
}
Event: 38.056 GC heap before
{Heap before GC invocations=33 (full 0):
 garbage-first heap   total 236544K, used 181159K [0x0000000080000000, 0x0000000100000000)
  region size 1024K, 83 young (84992K), 9 survivors (9216K)
 Metaspace       used 93769K, capacity 96240K, committed 96512K, reserved 1132544K
  class space    used 11854K, capacity 12715K, committed 12800K, reserved 1048576K
}
Event: 38.317 GC heap after
{Heap after GC invocations=34 (full 0):
 garbage-first heap   total 236544K, used 110558K [0x0000000080000000, 0x0000000100000000)
  region size 1024K, 10 young (10240K), 10 survivors (10240K)
 Metaspace       used 93769K, capacity 96240K, committed 96512K, reserved 1132544K
  class space    used 11854K, capacity 12715K, committed 12800K, reserved 1048576K
}
Event: 59.391 GC heap before
{Heap before GC invocations=34 (full 0):
 garbage-first heap   total 236544K, used 188382K [0x0000000080000000, 0x0000000100000000)
  region size 1024K, 86 young (88064K), 10 survivors (10240K)
 Metaspace       used 100132K, capacity 102701K, committed 103040K, reserved 1138688K
  class space    used 12723K, capacity 13632K, committed 13696K, reserved 1048576K
}
Event: 59.579 GC heap after
{Heap after GC invocations=35 (full 0):
 garbage-first heap   total 236544K, used 113603K [0x0000000080000000, 0x0000000100000000)
  region size 1024K, 8 young (8192K), 8 survivors (8192K)
 Metaspace       used 100132K, capacity 102701K, committed 103040K, reserved 1138688K
  class space    used 12723K, capacity 13632K, committed 13696K, reserved 1048576K
}
Event: 82.760 GC heap before
{Heap before GC invocations=35 (full 0):
 garbage-first heap   total 236544K, used 191427K [0x0000000080000000, 0x0000000100000000)
  region size 1024K, 84 young (86016K), 8 survivors (8192K)
 Metaspace       used 103723K, capacity 106306K, committed 106624K, reserved 1142784K
  class space    used 13152K, capacity 14114K, committed 14208K, reserved 1048576K
}

Deoptimization events (20 events):
Event: 79.861 Thread 0x00007f58dc009000 DEOPT PACKING pc=0x00007f59453a5f84 sp=0x00007f58f254b200
Event: 79.861 Thread 0x00007f58dc009000 DEOPT UNPACKING pc=0x00007f593d558825 sp=0x00007f58f254b1a8 mode 2
Event: 79.861 Thread 0x00007f58dc009000 Uncommon trap: trap_request=0xffffffde fr.pc=0x00007f59453a5c84 relative=0x0000000000000064
Event: 79.861 Thread 0x00007f58dc009000 Uncommon trap: reason=class_check action=maybe_recompile pc=0x00007f59453a5c84 method=org.gradle.internal.component.external.model.DefaultModuleComponentIdentifier.getModule()Ljava/lang/String; @ 4 c2
Event: 79.861 Thread 0x00007f58dc009000 DEOPT PACKING pc=0x00007f59453a5c84 sp=0x00007f58f254b200
Event: 79.861 Thread 0x00007f58dc009000 DEOPT UNPACKING pc=0x00007f593d558825 sp=0x00007f58f254b1a8 mode 2
Event: 79.861 Thread 0x00007f58dc009000 Uncommon trap: trap_request=0xffffffde fr.pc=0x00007f59453a5f84 relative=0x0000000000000064
Event: 79.861 Thread 0x00007f58dc009000 Uncommon trap: reason=class_check action=maybe_recompile pc=0x00007f59453a5f84 method=org.gradle.internal.component.external.model.DefaultModuleComponentIdentifier.getGroup()Ljava/lang/String; @ 4 c2
Event: 79.861 Thread 0x00007f58dc009000 DEOPT PACKING pc=0x00007f59453a5f84 sp=0x00007f58f254b8b0
Event: 79.861 Thread 0x00007f58dc009000 DEOPT UNPACKING pc=0x00007f593d558825 sp=0x00007f58f254b858 mode 2
Event: 79.861 Thread 0x00007f58dc009000 Uncommon trap: trap_request=0xffffffde fr.pc=0x00007f59453a5c84 relative=0x0000000000000064
Event: 79.861 Thread 0x00007f58dc009000 Uncommon trap: reason=class_check action=maybe_recompile pc=0x00007f59453a5c84 method=org.gradle.internal.component.external.model.DefaultModuleComponentIdentifier.getModule()Ljava/lang/String; @ 4 c2
Event: 79.861 Thread 0x00007f58dc009000 DEOPT PACKING pc=0x00007f59453a5c84 sp=0x00007f58f254b8b0
Event: 79.861 Thread 0x00007f58dc009000 DEOPT UNPACKING pc=0x00007f593d558825 sp=0x00007f58f254b858 mode 2
Event: 82.582 Thread 0x00007f58dc009000 Uncommon trap: trap_request=0xffffff7e fr.pc=0x00007f59453c5e54 relative=0x00000000000006d4
Event: 82.582 Thread 0x00007f58dc009000 Uncommon trap: reason=predicate action=maybe_recompile pc=0x00007f59453c5e54 method=sun.security.provider.DigestBase.implCompressMultiBlock0([BII)I @ 2 c2
Event: 82.582 Thread 0x00007f58dc009000 DEOPT PACKING pc=0x00007f59453c5e54 sp=0x00007f58f254bca0
Event: 82.582 Thread 0x00007f58dc009000 DEOPT UNPACKING pc=0x00007f593d558825 sp=0x00007f58f254bb80 mode 2
Event: 82.586 Thread 0x00007f58dc009000 DEOPT PACKING pc=0x00007f593dda7b66 sp=0x00007f58f254bad0
Event: 82.586 Thread 0x00007f58dc009000 DEOPT UNPACKING pc=0x00007f593d55863a sp=0x00007f58f254af68 mode 0

Classes redefined (0 events):
No events

Internal exceptions (20 events):
Event: 82.587 Thread 0x00007f58dc009000 Exception <a 'java/lang/NoSuchMethodError'{0x000000008a115498}: <clinit>> (0x000000008a115498) thrown at [src/hotspot/share/prims/jni.cpp, line 1362]
Event: 82.591 Thread 0x00007f58dc009000 Exception <a 'java/lang/NoSuchMethodError'{0x000000008a14e2f8}: <clinit>> (0x000000008a14e2f8) thrown at [src/hotspot/share/prims/jni.cpp, line 1362]
Event: 82.617 Thread 0x00007f58dc009000 Exception <a 'java/lang/ClassNotFoundException'{0x000000008a011860}: org/gradle/plugins/ide/idea/IdeaPluginBeanInfo> (0x000000008a011860) thrown at [src/hotspot/share/classfile/systemDictionary.cpp, line 231]
Event: 82.618 Thread 0x00007f58dc009000 Exception <a 'java/lang/ClassNotFoundException'{0x000000008a033868}: org/gradle/plugins/ide/internal/IdePluginBeanInfo> (0x000000008a033868) thrown at [src/hotspot/share/classfile/systemDictionary.cpp, line 231]
Event: 82.619 Thread 0x00007f58dc009000 Exception <a 'java/lang/ClassNotFoundException'{0x000000008a0571d8}: org/gradle/plugins/ide/internal/IdePluginCustomizer> (0x000000008a0571d8) thrown at [src/hotspot/share/classfile/systemDictionary.cpp, line 231]
Event: 82.620 Thread 0x00007f58dc009000 Exception <a 'java/lang/ClassNotFoundException'{0x000000008a083630}: org/gradle/plugins/ide/idea/IdeaPluginCustomizer> (0x000000008a083630) thrown at [src/hotspot/share/classfile/systemDictionary.cpp, line 231]
Event: 82.623 Thread 0x00007f58dc009000 Exception <a 'java/lang/ClassNotFoundException'{0x000000008a0d88a0}: org/gradle/plugins/ide/idea/model/IdeaModel_DecoratedBeanInfo> (0x000000008a0d88a0) thrown at [src/hotspot/share/classfile/systemDictionary.cpp, line 231]
Event: 82.624 Thread 0x00007f58dc009000 Exception <a 'java/lang/ClassNotFoundException'{0x000000008a0fc420}: org/gradle/plugins/ide/idea/model/IdeaModelBeanInfo> (0x000000008a0fc420) thrown at [src/hotspot/share/classfile/systemDictionary.cpp, line 231]
Event: 82.624 Thread 0x00007f58dc009000 Exception <a 'java/lang/ClassNotFoundException'{0x0000000089f20558}: org/gradle/plugins/ide/idea/model/IdeaModelCustomizer> (0x0000000089f20558) thrown at [src/hotspot/share/classfile/systemDictionary.cpp, line 231]
Event: 82.625 Thread 0x00007f58dc009000 Exception <a 'java/lang/ClassNotFoundException'{0x0000000089f56310}: org/gradle/plugins/ide/idea/model/IdeaModel_DecoratedCustomizer> (0x0000000089f56310) thrown at [src/hotspot/share/classfile/systemDictionary.cpp, line 231]
Event: 82.631 Thread 0x00007f58dc009000 Exception <a 'java/lang/ClassNotFoundException'{0x0000000089fab6d8}: org/jetbrains/plugins/gradle/tooling/util/JavaPluginUtilBeanInfo> (0x0000000089fab6d8) thrown at [src/hotspot/share/classfile/systemDictionary.cpp, line 231]
Event: 82.632 Thread 0x00007f58dc009000 Exception <a 'java/lang/ClassNotFoundException'{0x0000000089fbe040}: org/jetbrains/plugins/gradle/tooling/util/JavaPluginUtilCustomizer> (0x0000000089fbe040) thrown at [src/hotspot/share/classfile/systemDictionary.cpp, line 231]
Event: 82.662 Thread 0x00007f58dc009000 Exception <a 'java/lang/ClassNotFoundException'{0x0000000089d04008}: org/gradle/api/tasks/SourceSetBeanInfo> (0x0000000089d04008) thrown at [src/hotspot/share/classfile/systemDictionary.cpp, line 231]
Event: 82.662 Thread 0x00007f58dc009000 Exception <a 'java/lang/ClassNotFoundException'{0x0000000089d23c30}: org/gradle/api/tasks/SourceSetCustomizer> (0x0000000089d23c30) thrown at [src/hotspot/share/classfile/systemDictionary.cpp, line 231]
Event: 82.680 Thread 0x00007f58dc009000 Exception <a 'java/lang/ClassNotFoundException'{0x0000000089da05d0}: java/util/LinkedHashMapBeanInfo> (0x0000000089da05d0) thrown at [src/hotspot/share/classfile/systemDictionary.cpp, line 231]
Event: 82.684 Thread 0x00007f58dc009000 Exception <a 'java/lang/ClassNotFoundException'{0x0000000089daa1c0}: java/util/HashMapBeanInfo> (0x0000000089daa1c0) thrown at [src/hotspot/share/classfile/systemDictionary.cpp, line 231]
Event: 82.684 Thread 0x00007f58dc009000 Exception <a 'java/lang/ClassNotFoundException'{0x0000000089db45d8}: java/util/AbstractMapBeanInfo> (0x0000000089db45d8) thrown at [src/hotspot/share/classfile/systemDictionary.cpp, line 231]
Event: 82.684 Thread 0x00007f58dc009000 Exception <a 'java/lang/ClassNotFoundException'{0x0000000089dbeaa8}: java/util/AbstractMapCustomizer> (0x0000000089dbeaa8) thrown at [src/hotspot/share/classfile/systemDictionary.cpp, line 231]
Event: 82.685 Thread 0x00007f58dc009000 Exception <a 'java/lang/ClassNotFoundException'{0x0000000089dd2a90}: java/util/HashMapCustomizer> (0x0000000089dd2a90) thrown at [src/hotspot/share/classfile/systemDictionary.cpp, line 231]
Event: 82.687 Thread 0x00007f58dc009000 Exception <a 'java/lang/ClassNotFoundException'{0x0000000089df4080}: java/util/LinkedHashMapCustomizer> (0x0000000089df4080) thrown at [src/hotspot/share/classfile/systemDictionary.cpp, line 231]

Events (20 events):
Event: 82.754 loading class com/amazon/ion/impl/bin/IonRawBinaryWriter$RecyclingStack$ElementFactory done
Event: 82.754 loading class com/amazon/ion/IonType
Event: 82.754 loading class com/amazon/ion/IonType done
Event: 82.755 loading class com/amazon/ion/system/SimpleCatalog
Event: 82.755 loading class com/amazon/ion/system/SimpleCatalog done
Event: 82.755 loading class com/amazon/ion/IonMutableCatalog
Event: 82.755 loading class com/amazon/ion/IonMutableCatalog done
Event: 82.756 loading class com/amazon/ion/impl/bin/AbstractIonWriter$WriteValueOptimization
Event: 82.756 loading class com/amazon/ion/impl/bin/AbstractIonWriter$WriteValueOptimization done
Event: 82.756 loading class com/amazon/ion/system/IonSystemBuilder
Event: 82.756 loading class com/amazon/ion/system/IonSystemBuilder done
Event: 82.757 loading class com/amazon/ion/system/IonSystemBuilder$Mutable
Event: 82.757 loading class com/amazon/ion/system/IonSystemBuilder$Mutable done
Event: 82.757 loading class com/amazon/ion/system/IonTextWriterBuilder
Event: 82.757 loading class com/amazon/ion/system/IonTextWriterBuilder done
Event: 82.757 loading class com/amazon/ion/impl/_Private_IonTextWriterBuilder
Event: 82.757 loading class com/amazon/ion/impl/_Private_IonTextWriterBuilder done
Event: 82.758 loading class com/amazon/ion/impl/_Private_Utils
Event: 82.758 loading class com/amazon/ion/impl/_Private_Utils done
Event: 82.759 Executing VM operation: G1CollectForAllocation


Dynamic libraries:
00400000-00401000 r-xp 00000000 08:06 4200800                            /home/noor/Downloads/android-studio/jre/bin/java
00600000-00601000 r--p 00000000 08:06 4200800                            /home/noor/Downloads/android-studio/jre/bin/java
00601000-00602000 rw-p 00001000 08:06 4200800                            /home/noor/Downloads/android-studio/jre/bin/java
01471000-01492000 rw-p 00000000 00:00 0                                  [heap]
80000000-8e700000 rw-p 00000000 00:00 0 
94500000-100000000 ---p 00000000 00:00 0 
100000000-100de0000 rw-p 00000000 00:00 0 
100de0000-140000000 ---p 00000000 00:00 0 
7f58b3a00000-7f58b3a40000 rw-p 00000000 00:00 0 
7f58b3a40000-7f58b3c00000 ---p 00000000 00:00 0 
7f58b3c00000-7f58b3e00000 rw-p 00000000 00:00 0 
7f58b3e00000-7f58b4000000 rw-p 00000000 00:00 0 
7f58b4000000-7f58b4021000 rw-p 00000000 00:00 0 
7f58b4021000-7f58b8000000 ---p 00000000 00:00 0 
7f58b80f5000-7f58b82f5000 rw-p 00000000 00:00 0 
7f58b82f5000-7f58b84f5000 rw-p 00000000 00:00 0 
7f58b84f5000-7f58b86f5000 rw-p 00000000 00:00 0 
7f58b86f5000-7f58b88f5000 rw-p 00000000 00:00 0 
7f58b88f5000-7f58b8af5000 rw-p 00000000 00:00 0 
7f58b8af5000-7f58b8cf5000 rw-p 00000000 00:00 0 
7f58b8cf5000-7f58b8ef5000 rw-p 00000000 00:00 0 
7f58b8ef5000-7f58b90f5000 rw-p 00000000 00:00 0 
7f58b90f5000-7f58b92f5000 rw-p 00000000 00:00 0 
7f58b92f5000-7f58b92f9000 ---p 00000000 00:00 0 
7f58b92f9000-7f58b93f6000 rw-p 00000000 00:00 0 
7f58b93f6000-7f58b93fa000 ---p 00000000 00:00 0 
7f58b93fa000-7f58b94f7000 rw-p 00000000 00:00 0 
7f58b94f7000-7f58b94fb000 ---p 00000000 00:00 0 
7f58b94fb000-7f58b95f8000 rw-p 00000000 00:00 0 
7f58b95f8000-7f58b95fc000 ---p 00000000 00:00 0 
7f58b95fc000-7f58b98f9000 rw-p 00000000 00:00 0 
7f58b98f9000-7f58b9af9000 rw-p 00000000 00:00 0 
7f58b9af9000-7f58b9cf9000 rw-p 00000000 00:00 0 
7f58b9cf9000-7f58b9ef9000 rw-p 00000000 00:00 0 
7f58b9ef9000-7f58ba0f9000 rw-p 00000000 00:00 0 
7f58ba0f9000-7f58ba2f9000 rw-p 00000000 00:00 0 
7f58ba2f9000-7f58ba4f9000 rw-p 00000000 00:00 0 
7f58ba4f9000-7f58ba6f9000 rw-p 00000000 00:00 0 
7f58ba6f9000-7f58ba6fd000 ---p 00000000 00:00 0 
7f58ba6fd000-7f58ba9fa000 rw-p 00000000 00:00 0 
7f58ba9fa000-7f58babfa000 rw-p 00000000 00:00 0 
7f58babfa000-7f58badfa000 rw-p 00000000 00:00 0 
7f58badfa000-7f58baffa000 rw-p 00000000 00:00 0 
7f58baffa000-7f58baffe000 ---p 00000000 00:00 0 
7f58baffe000-7f58bb0fb000 rw-p 00000000 00:00 0 
7f58bb0fb000-7f58bb0ff000 ---p 00000000 00:00 0 
7f58bb0ff000-7f58bb1fc000 rw-p 00000000 00:00 0 
7f58bb1fc000-7f58bb200000 ---p 00000000 00:00 0 
7f58bb200000-7f58bb2fd000 rw-p 00000000 00:00 0 
7f58bb2fd000-7f58bb301000 ---p 00000000 00:00 0 
7f58bb301000-7f58bb5fe000 rw-p 00000000 00:00 0 
7f58bb5fe000-7f58bb602000 ---p 00000000 00:00 0 
7f58bb602000-7f58bb8ff000 rw-p 00000000 00:00 0 
7f58bb8ff000-7f58bb903000 ---p 00000000 00:00 0 
7f58bb903000-7f58bbc00000 rw-p 00000000 00:00 0 
7f58bbc00000-7f58bbe00000 rw-p 00000000 00:00 0 
7f58bbe00000-7f58bc000000 rw-p 00000000 00:00 0 
7f58bc000000-7f58bc021000 rw-p 00000000 00:00 0 
7f58bc021000-7f58c0000000 ---p 00000000 00:00 0 
7f58c0000000-7f58c0021000 rw-p 00000000 00:00 0 
7f58c0021000-7f58c4000000 ---p 00000000 00:00 0 
7f58c4000000-7f58c4021000 rw-p 00000000 00:00 0 
7f58c4021000-7f58c8000000 ---p 00000000 00:00 0 
7f58c8000000-7f58c80fb000 rw-p 00000000 00:00 0 
7f58c80fb000-7f58cc000000 ---p 00000000 00:00 0 
7f58cc000000-7f58cc04c000 rw-p 00000000 00:00 0 
7f58cc04c000-7f58d0000000 ---p 00000000 00:00 0 
7f58d0000000-7f58d258f000 rw-p 00000000 00:00 0 
7f58d258f000-7f58d4000000 ---p 00000000 00:00 0 
7f58d4000000-7f58d402b000 rw-p 00000000 00:00 0 
7f58d402b000-7f58d8000000 ---p 00000000 00:00 0 
7f58d8000000-7f58d8021000 rw-p 00000000 00:00 0 
7f58d8021000-7f58dc000000 ---p 00000000 00:00 0 
7f58dc000000-7f58dc027000 rw-p 00000000 00:00 0 
7f58dc027000-7f58e0000000 ---p 00000000 00:00 0 
7f58e0000000-7f58e003f000 rw-p 00000000 00:00 0 
7f58e003f000-7f58e4000000 ---p 00000000 00:00 0 
7f58e4000000-7f58e4056000 rw-p 00000000 00:00 0 
7f58e4056000-7f58e8000000 ---p 00000000 00:00 0 
7f58e8000000-7f58e8021000 rw-p 00000000 00:00 0 
7f58e8021000-7f58ec000000 ---p 00000000 00:00 0 
7f58ec000000-7f58ec021000 rw-p 00000000 00:00 0 
7f58ec021000-7f58f0000000 ---p 00000000 00:00 0 
7f58f0040000-7f58f0044000 ---p 00000000 00:00 0 
7f58f0044000-7f58f0341000 rw-p 00000000 00:00 0 
7f58f0341000-7f58f0541000 rw-p 00000000 00:00 0 
7f58f0541000-7f58f0741000 rw-p 00000000 00:00 0 
7f58f0741000-7f58f0941000 rw-p 00000000 00:00 0 
7f58f0941000-7f58f0945000 ---p 00000000 00:00 0 
7f58f0945000-7f58f0a42000 rw-p 00000000 00:00 0 
7f58f0a42000-7f58f0a46000 ---p 00000000 00:00 0 
7f58f0a46000-7f58f0d43000 rw-p 00000000 00:00 0 
7f58f0d43000-7f58f0d47000 ---p 00000000 00:00 0 
7f58f0d47000-7f58f0e44000 rw-p 00000000 00:00 0 
7f58f0e44000-7f58f0e48000 ---p 00000000 00:00 0 
7f58f0e48000-7f58f0f45000 rw-p 00000000 00:00 0 
7f58f0f45000-7f58f0f49000 ---p 00000000 00:00 0 
7f58f0f49000-7f58f1046000 rw-p 00000000 00:00 0 
7f58f1046000-7f58f104a000 ---p 00000000 00:00 0 
7f58f104a000-7f58f1147000 rw-p 00000000 00:00 0 
7f58f1147000-7f58f114b000 ---p 00000000 00:00 0 
7f58f114b000-7f58f1248000 rw-p 00000000 00:00 0 
7f58f1248000-7f58f124c000 ---p 00000000 00:00 0 
7f58f124c000-7f58f1549000 rw-p 00000000 00:00 0 
7f58f1549000-7f58f154d000 ---p 00000000 00:00 0 
7f58f154d000-7f58f164a000 rw-p 00000000 00:00 0 
7f58f164a000-7f58f164e000 ---p 00000000 00:00 0 
7f58f164e000-7f58f174b000 rw-p 00000000 00:00 0 
7f58f174b000-7f58f174f000 ---p 00000000 00:00 0 
7f58f174f000-7f58f1a4c000 rw-p 00000000 00:00 0 
7f58f1a4c000-7f58f1a50000 ---p 00000000 00:00 0 
7f58f1a50000-7f58f1d4d000 rw-p 00000000 00:00 0 
7f58f1d4d000-7f58f1d51000 ---p 00000000 00:00 0 
7f58f1d51000-7f58f1e4e000 rw-p 00000000 00:00 0 
7f58f1e4e000-7f58f1e52000 ---p 00000000 00:00 0 
7f58f1e52000-7f58f214f000 rw-p 00000000 00:00 0 
7f58f214f000-7f58f2153000 ---p 00000000 00:00 0 
7f58f2153000-7f58f2250000 rw-p 00000000 00:00 0 
7f58f2250000-7f58f2254000 ---p 00000000 00:00 0 
7f58f2254000-7f58f2351000 rw-p 00000000 00:00 0 
7f58f2351000-7f58f2355000 ---p 00000000 00:00 0 
7f58f2355000-7f58f2452000 rw-p 00000000 00:00 0 
7f58f2452000-7f58f2456000 ---p 00000000 00:00 0 
7f58f2456000-7f58f2553000 rw-p 00000000 00:00 0 
7f58f2553000-7f58f2557000 ---p 00000000 00:00 0 
7f58f2557000-7f58f2654000 rw-p 00000000 00:00 0 
7f58f2654000-7f58f2655000 ---p 00000000 00:00 0 
7f58f2655000-7f58f2755000 rw-p 00000000 00:00 0 
7f58f2755000-7f58f2756000 ---p 00000000 00:00 0 
7f58f2756000-7f58f2856000 rw-p 00000000 00:00 0 
7f58f2856000-7f58f285a000 ---p 00000000 00:00 0 
7f58f285a000-7f58f2b57000 rw-p 00000000 00:00 0 
7f58f2b57000-7f58f2b5b000 ---p 00000000 00:00 0 
7f58f2b5b000-7f58f2c58000 rw-p 00000000 00:00 0 
7f58f2c58000-7f58f2c5c000 ---p 00000000 00:00 0 
7f58f2c5c000-7f58f2d59000 rw-p 00000000 00:00 0 
7f58f2d59000-7f58f2d5d000 ---p 00000000 00:00 0 
7f58f2d5d000-7f58f2e5a000 rw-p 00000000 00:00 0 
7f58f2e5a000-7f58f2e5c000 r-xp 00000000 08:06 4200709                    /home/noor/Downloads/android-studio/jre/lib/libextnet.so
7f58f2e5c000-7f58f305b000 ---p 00002000 08:06 4200709                    /home/noor/Downloads/android-studio/jre/lib/libextnet.so
7f58f305b000-7f58f305c000 r--p 00001000 08:06 4200709                    /home/noor/Downloads/android-studio/jre/lib/libextnet.so
7f58f305c000-7f58f305d000 rw-p 00002000 08:06 4200709                    /home/noor/Downloads/android-studio/jre/lib/libextnet.so
7f58f305d000-7f58f325d000 rw-p 00000000 00:00 0 
7f58f325d000-7f58f3262000 r-xp 00000000 08:06 4200763                    /home/noor/Downloads/android-studio/jre/lib/libmanagement_ext.so
7f58f3262000-7f58f3461000 ---p 00005000 08:06 4200763                    /home/noor/Downloads/android-studio/jre/lib/libmanagement_ext.so
7f58f3461000-7f58f3462000 r--p 00004000 08:06 4200763                    /home/noor/Downloads/android-studio/jre/lib/libmanagement_ext.so
7f58f3462000-7f58f3463000 rw-p 00005000 08:06 4200763                    /home/noor/Downloads/android-studio/jre/lib/libmanagement_ext.so
7f58f3463000-7f58f3467000 r-xp 00000000 08:06 4200702                    /home/noor/Downloads/android-studio/jre/lib/libmanagement.so
7f58f3467000-7f58f3666000 ---p 00004000 08:06 4200702                    /home/noor/Downloads/android-studio/jre/lib/libmanagement.so
7f58f3666000-7f58f3667000 r--p 00003000 08:06 4200702                    /home/noor/Downloads/android-studio/jre/lib/libmanagement.so
7f58f3667000-7f58f3668000 rw-p 00004000 08:06 4200702                    /home/noor/Downloads/android-studio/jre/lib/libmanagement.so
7f58f3668000-7f58f3868000 rw-p 00000000 00:00 0 
7f58f3868000-7f58f3a68000 rw-p 00000000 00:00 0 
7f58f3a68000-7f58f3a7e000 r-xp 00000000 08:06 1184607                    /lib/x86_64-linux-gnu/libgcc_s.so.1
7f58f3a7e000-7f58f3c7d000 ---p 00016000 08:06 1184607                    /lib/x86_64-linux-gnu/libgcc_s.so.1
7f58f3c7d000-7f58f3c7e000 rw-p 00015000 08:06 1184607                    /lib/x86_64-linux-gnu/libgcc_s.so.1
7f58f3c7e000-7f58f3df0000 r-xp 00000000 08:06 4335419                    /usr/lib/x86_64-linux-gnu/libstdc++.so.6.0.21
7f58f3df0000-7f58f3ff0000 ---p 00172000 08:06 4335419                    /usr/lib/x86_64-linux-gnu/libstdc++.so.6.0.21
7f58f3ff0000-7f58f3ffa000 r--p 00172000 08:06 4335419                    /usr/lib/x86_64-linux-gnu/libstdc++.so.6.0.21
7f58f3ffa000-7f58f3ffc000 rw-p 0017c000 08:06 4335419                    /usr/lib/x86_64-linux-gnu/libstdc++.so.6.0.21
7f58f3ffc000-7f58f4000000 rw-p 00000000 00:00 0 
7f58f4000000-7f58f4060000 rw-p 00000000 00:00 0 
7f58f4060000-7f58f8000000 ---p 00000000 00:00 0 
7f58f8000000-7f58f8070000 rw-p 00000000 00:00 0 
7f58f8070000-7f58fc000000 ---p 00000000 00:00 0 
7f58fc000000-7f58fc05b000 rw-p 00000000 00:00 0 
7f58fc05b000-7f5900000000 ---p 00000000 00:00 0 
7f5900000000-7f5900055000 rw-p 00000000 00:00 0 
7f5900055000-7f5904000000 ---p 00000000 00:00 0 
7f5904000000-7f5906651000 rw-p 00000000 00:00 0 
7f5906651000-7f5908000000 ---p 00000000 00:00 0 
7f5908000000-7f59087f7000 rw-p 00000000 00:00 0 
7f59087f7000-7f590c000000 ---p 00000000 00:00 0 
7f590c000000-7f590c021000 rw-p 00000000 00:00 0 
7f590c021000-7f5910000000 ---p 00000000 00:00 0 
7f5910000000-7f5910021000 rw-p 00000000 00:00 0 
7f5910021000-7f5914000000 ---p 00000000 00:00 0 
7f5914000000-7f5914021000 rw-p 00000000 00:00 0 
7f5914021000-7f5918000000 ---p 00000000 00:00 0 
7f5918000000-7f5918021000 rw-p 00000000 00:00 0 
7f5918021000-7f591c000000 ---p 00000000 00:00 0 
7f591c000000-7f591c021000 rw-p 00000000 00:00 0 
7f591c021000-7f5920000000 ---p 00000000 00:00 0 
7f5920000000-7f59204ed000 rw-p 00000000 00:00 0 
7f59204ed000-7f5924000000 ---p 00000000 00:00 0 
7f5924000000-7f5924021000 rw-p 00000000 00:00 0 
7f5924021000-7f5928000000 ---p 00000000 00:00 0 
7f592806b000-7f592806f000 ---p 00000000 00:00 0 
7f592806f000-7f592816c000 rw-p 00000000 00:00 0 
7f592816c000-7f59281bd000 r-xp 00000000 08:06 4341395                    /home/noor/.gradle/native/53dbd7edfb1c66fb8903c78663c9afc45aea4f116125fa6feffd364cf09443e8/linux-amd64/libnative-platform-file-events.so
7f59281bd000-7f59283bd000 ---p 00051000 08:06 4341395                    /home/noor/.gradle/native/53dbd7edfb1c66fb8903c78663c9afc45aea4f116125fa6feffd364cf09443e8/linux-amd64/libnative-platform-file-events.so
7f59283bd000-7f59283be000 r--p 00051000 08:06 4341395                    /home/noor/.gradle/native/53dbd7edfb1c66fb8903c78663c9afc45aea4f116125fa6feffd364cf09443e8/linux-amd64/libnative-platform-file-events.so
7f59283be000-7f59283c0000 rw-p 00052000 08:06 4341395                    /home/noor/.gradle/native/53dbd7edfb1c66fb8903c78663c9afc45aea4f116125fa6feffd364cf09443e8/linux-amd64/libnative-platform-file-events.so
7f59283c0000-7f59283c5000 r-xp 00000000 08:06 4341391                    /home/noor/.gradle/native/8bec1ad78214c89d9ad589b4d07fe93259594b29d510b10fafb7a158f7737e5d/linux-amd64/libnative-platform.so
7f59283c5000-7f59285c5000 ---p 00005000 08:06 4341391                    /home/noor/.gradle/native/8bec1ad78214c89d9ad589b4d07fe93259594b29d510b10fafb7a158f7737e5d/linux-amd64/libnative-platform.so
7f59285c5000-7f59285c6000 r--p 00005000 08:06 4341391                    /home/noor/.gradle/native/8bec1ad78214c89d9ad589b4d07fe93259594b29d510b10fafb7a158f7737e5d/linux-amd64/libnative-platform.so
7f59285c6000-7f59285c7000 rw-p 00006000 08:06 4341391                    /home/noor/.gradle/native/8bec1ad78214c89d9ad589b4d07fe93259594b29d510b10fafb7a158f7737e5d/linux-amd64/libnative-platform.so
7f59285c7000-7f59285c8000 ---p 00000000 00:00 0 
7f59285c8000-7f59286f9000 rw-p 00000000 00:00 0 
7f59286f9000-7f592870d000 r-xp 00000000 08:06 4200779                    /home/noor/Downloads/android-studio/jre/lib/libnet.so
7f592870d000-7f592890c000 ---p 00014000 08:06 4200779                    /home/noor/Downloads/android-studio/jre/lib/libnet.so
7f592890c000-7f592890d000 r--p 00013000 08:06 4200779                    /home/noor/Downloads/android-studio/jre/lib/libnet.so
7f592890d000-7f592890e000 rw-p 00014000 08:06 4200779                    /home/noor/Downloads/android-studio/jre/lib/libnet.so
7f592890e000-7f592891d000 r-xp 00000000 08:06 4200733                    /home/noor/Downloads/android-studio/jre/lib/libnio.so
7f592891d000-7f5928b1c000 ---p 0000f000 08:06 4200733                    /home/noor/Downloads/android-studio/jre/lib/libnio.so
7f5928b1c000-7f5928b1d000 r--p 0000e000 08:06 4200733                    /home/noor/Downloads/android-studio/jre/lib/libnio.so
7f5928b1d000-7f5928b1e000 rw-p 0000f000 08:06 4200733                    /home/noor/Downloads/android-studio/jre/lib/libnio.so
7f5928b1e000-7f5928b1f000 ---p 00000000 00:00 0 
7f5928b1f000-7f5928c1f000 rw-p 00000000 00:00 0 
7f5928c1f000-7f5928c23000 ---p 00000000 00:00 0 
7f5928c23000-7f5928d20000 rw-p 00000000 00:00 0 
7f5928d20000-7f5928d24000 ---p 00000000 00:00 0 
7f5928d24000-7f5928e21000 rw-p 00000000 00:00 0 
7f5928e21000-7f5928e25000 ---p 00000000 00:00 0 
7f5928e25000-7f5928f22000 rw-p 00000000 00:00 0 
7f5928f22000-7f5928f26000 ---p 00000000 00:00 0 
7f5928f26000-7f5929023000 rw-p 00000000 00:00 0 
7f5929023000-7f5929027000 ---p 00000000 00:00 0 
7f5929027000-7f5929124000 rw-p 00000000 00:00 0 
7f5929124000-7f5929128000 ---p 00000000 00:00 0 
7f5929128000-7f5929225000 rw-p 00000000 00:00 0 
7f5929225000-7f59294fd000 r--p 00000000 08:06 4326294                    /usr/lib/locale/locale-archive
7f59294fd000-7f5929501000 ---p 00000000 00:00 0 
7f5929501000-7f59295fe000 rw-p 00000000 00:00 0 
7f59295fe000-7f5929602000 ---p 00000000 00:00 0 
7f5929602000-7f59296ff000 rw-p 00000000 00:00 0 
7f59296ff000-7f5929700000 ---p 00000000 00:00 0 
7f5929700000-7f592c000000 rw-p 00000000 00:00 0 
7f592c000000-7f592c021000 rw-p 00000000 00:00 0 
7f592c021000-7f5930000000 ---p 00000000 00:00 0 
7f5930000000-7f59300e2000 rw-p 00000000 00:00 0 
7f59300e2000-7f5934000000 ---p 00000000 00:00 0 
7f5934000000-7f593439c000 rw-p 00000000 00:00 0 
7f593439c000-7f5936000000 ---p 00000000 00:00 0 
7f5936000000-7f593639c000 rw-p 00000000 00:00 0 
7f593639c000-7f5938000000 ---p 00000000 00:00 0 
7f5938000000-7f5938028000 rw-p 00000000 00:00 0 
7f5938028000-7f593c000000 ---p 00000000 00:00 0 
7f593c029000-7f593c02a000 ---p 00000000 00:00 0 
7f593c02a000-7f593c12a000 rw-p 00000000 00:00 0 
7f593c12a000-7f593c12b000 ---p 00000000 00:00 0 
7f593c12b000-7f593c62f000 rw-p 00000000 00:00 0 
7f593c62f000-7f593c630000 ---p 00000000 00:00 0 
7f593c630000-7f593c730000 rw-p 00000000 00:00 0 
7f593c730000-7f593c731000 ---p 00000000 00:00 0 
7f593c731000-7f593c8a5000 rw-p 00000000 00:00 0 
7f593c8a5000-7f593cc31000 ---p 00000000 00:00 0 
7f593cc31000-7f593cca5000 rw-p 00000000 00:00 0 
7f593cca5000-7f593d031000 ---p 00000000 00:00 0 
7f593d031000-7f593d0a5000 rw-p 00000000 00:00 0 
7f593d0a5000-7f593d431000 ---p 00000000 00:00 0 
7f593d431000-7f593d532000 rw-p 00000000 00:00 0 
7f593d532000-7f593d7a2000 rwxp 00000000 00:00 0 
7f593d7a2000-7f593dac2000 ---p 00000000 00:00 0 
7f593dac2000-7f593f262000 rwxp 00000000 00:00 0 
7f593f262000-7f5944ffa000 ---p 00000000 00:00 0 
7f5944ffa000-7f594556a000 rwxp 00000000 00:00 0 
7f594556a000-7f594c532000 ---p 00000000 00:00 0 
7f594c532000-7f5950000000 r--s 00000000 08:06 4200781                    /home/noor/Downloads/android-studio/jre/lib/modules
7f5950000000-7f59513fa000 rw-p 00000000 00:00 0 
7f59513fa000-7f5954000000 ---p 00000000 00:00 0 
7f5954022000-7f5954401000 rw-p 00000000 00:00 0 
7f5954401000-7f5954402000 ---p 00000000 00:00 0 
7f5954402000-7f595450d000 rw-p 00000000 00:00 0 
7f595450d000-7f59545ed000 ---p 00000000 00:00 0 
7f59545ed000-7f595461d000 rw-p 00000000 00:00 0 
7f595461d000-7f59546d8000 ---p 00000000 00:00 0 
7f59546d8000-7f59546f4000 r-xp 00000000 08:06 4200778                    /home/noor/Downloads/android-studio/jre/lib/libzip.so
7f59546f4000-7f59548f3000 ---p 0001c000 08:06 4200778                    /home/noor/Downloads/android-studio/jre/lib/libzip.so
7f59548f3000-7f59548f4000 r--p 0001b000 08:06 4200778                    /home/noor/Downloads/android-studio/jre/lib/libzip.so
7f59548f4000-7f59548f5000 rw-p 0001c000 08:06 4200778                    /home/noor/Downloads/android-studio/jre/lib/libzip.so
7f59548f5000-7f5954900000 r-xp 00000000 08:06 1179738                    /lib/x86_64-linux-gnu/libnss_files-2.23.so
7f5954900000-7f5954aff000 ---p 0000b000 08:06 1179738                    /lib/x86_64-linux-gnu/libnss_files-2.23.so
7f5954aff000-7f5954b00000 r--p 0000a000 08:06 1179738                    /lib/x86_64-linux-gnu/libnss_files-2.23.so
7f5954b00000-7f5954b01000 rw-p 0000b000 08:06 1179738                    /lib/x86_64-linux-gnu/libnss_files-2.23.so
7f5954b01000-7f5954b07000 rw-p 00000000 00:00 0 
7f5954b07000-7f5954b12000 r-xp 00000000 08:06 1179745                    /lib/x86_64-linux-gnu/libnss_nis-2.23.so
7f5954b12000-7f5954d11000 ---p 0000b000 08:06 1179745                    /lib/x86_64-linux-gnu/libnss_nis-2.23.so
7f5954d11000-7f5954d12000 r--p 0000a000 08:06 1179745                    /lib/x86_64-linux-gnu/libnss_nis-2.23.so
7f5954d12000-7f5954d13000 rw-p 0000b000 08:06 1179745                    /lib/x86_64-linux-gnu/libnss_nis-2.23.so
7f5954d13000-7f5954d29000 r-xp 00000000 08:06 1181518                    /lib/x86_64-linux-gnu/libnsl-2.23.so
7f5954d29000-7f5954f28000 ---p 00016000 08:06 1181518                    /lib/x86_64-linux-gnu/libnsl-2.23.so
7f5954f28000-7f5954f29000 r--p 00015000 08:06 1181518                    /lib/x86_64-linux-gnu/libnsl-2.23.so
7f5954f29000-7f5954f2a000 rw-p 00016000 08:06 1181518                    /lib/x86_64-linux-gnu/libnsl-2.23.so
7f5954f2a000-7f5954f2c000 rw-p 00000000 00:00 0 
7f5954f2c000-7f5954f34000 r-xp 00000000 08:06 1184586                    /lib/x86_64-linux-gnu/libnss_compat-2.23.so
7f5954f34000-7f5955133000 ---p 00008000 08:06 1184586                    /lib/x86_64-linux-gnu/libnss_compat-2.23.so
7f5955133000-7f5955134000 r--p 00007000 08:06 1184586                    /lib/x86_64-linux-gnu/libnss_compat-2.23.so
7f5955134000-7f5955135000 rw-p 00008000 08:06 1184586                    /lib/x86_64-linux-gnu/libnss_compat-2.23.so
7f5955135000-7f5955152000 r-xp 00000000 08:06 4200726                    /home/noor/Downloads/android-studio/jre/lib/libjimage.so
7f5955152000-7f5955351000 ---p 0001d000 08:06 4200726                    /home/noor/Downloads/android-studio/jre/lib/libjimage.so
7f5955351000-7f5955353000 r--p 0001c000 08:06 4200726                    /home/noor/Downloads/android-studio/jre/lib/libjimage.so
7f5955353000-7f5955354000 rw-p 0001e000 08:06 4200726                    /home/noor/Downloads/android-studio/jre/lib/libjimage.so
7f5955354000-7f5955366000 rw-p 00000000 00:00 0 
7f5955366000-7f595538b000 r-xp 00000000 08:06 4200769                    /home/noor/Downloads/android-studio/jre/lib/libjava.so
7f595538b000-7f595558b000 ---p 00025000 08:06 4200769                    /home/noor/Downloads/android-studio/jre/lib/libjava.so
7f595558b000-7f595558c000 r--p 00025000 08:06 4200769                    /home/noor/Downloads/android-studio/jre/lib/libjava.so
7f595558c000-7f595558d000 rw-p 00026000 08:06 4200769                    /home/noor/Downloads/android-studio/jre/lib/libjava.so
7f595558d000-7f595559a000 r-xp 00000000 08:06 4200716                    /home/noor/Downloads/android-studio/jre/lib/libverify.so
7f595559a000-7f595579a000 ---p 0000d000 08:06 4200716                    /home/noor/Downloads/android-studio/jre/lib/libverify.so
7f595579a000-7f595579c000 r--p 0000d000 08:06 4200716                    /home/noor/Downloads/android-studio/jre/lib/libverify.so
7f595579c000-7f595579d000 rw-p 0000f000 08:06 4200716                    /home/noor/Downloads/android-studio/jre/lib/libverify.so
7f595579d000-7f59557a4000 r-xp 00000000 08:06 1179737                    /lib/x86_64-linux-gnu/librt-2.23.so
7f59557a4000-7f59559a3000 ---p 00007000 08:06 1179737                    /lib/x86_64-linux-gnu/librt-2.23.so
7f59559a3000-7f59559a4000 r--p 00006000 08:06 1179737                    /lib/x86_64-linux-gnu/librt-2.23.so
7f59559a4000-7f59559a5000 rw-p 00007000 08:06 1179737                    /lib/x86_64-linux-gnu/librt-2.23.so
7f59559a5000-7f5955aad000 r-xp 00000000 08:06 1179742                    /lib/x86_64-linux-gnu/libm-2.23.so
7f5955aad000-7f5955cac000 ---p 00108000 08:06 1179742                    /lib/x86_64-linux-gnu/libm-2.23.so
7f5955cac000-7f5955cad000 r--p 00107000 08:06 1179742                    /lib/x86_64-linux-gnu/libm-2.23.so
7f5955cad000-7f5955cae000 rw-p 00108000 08:06 1179742                    /lib/x86_64-linux-gnu/libm-2.23.so
7f5955cae000-7f5956bda000 r-xp 00000000 08:06 4200706                    /home/noor/Downloads/android-studio/jre/lib/server/libjvm.so
7f5956bda000-7f5956dda000 ---p 00f2c000 08:06 4200706                    /home/noor/Downloads/android-studio/jre/lib/server/libjvm.so
7f5956dda000-7f5956e9e000 r--p 00f2c000 08:06 4200706                    /home/noor/Downloads/android-studio/jre/lib/server/libjvm.so
7f5956e9e000-7f5956ed5000 rw-p 00ff0000 08:06 4200706                    /home/noor/Downloads/android-studio/jre/lib/server/libjvm.so
7f5956ed5000-7f5956f3d000 rw-p 00000000 00:00 0 
7f5956f3d000-7f59570fd000 r-xp 00000000 08:06 1184463                    /lib/x86_64-linux-gnu/libc-2.23.so
7f59570fd000-7f59572fd000 ---p 001c0000 08:06 1184463                    /lib/x86_64-linux-gnu/libc-2.23.so
7f59572fd000-7f5957301000 r--p 001c0000 08:06 1184463                    /lib/x86_64-linux-gnu/libc-2.23.so
7f5957301000-7f5957303000 rw-p 001c4000 08:06 1184463                    /lib/x86_64-linux-gnu/libc-2.23.so
7f5957303000-7f5957307000 rw-p 00000000 00:00 0 
7f5957307000-7f595730a000 r-xp 00000000 08:06 1179734                    /lib/x86_64-linux-gnu/libdl-2.23.so
7f595730a000-7f5957509000 ---p 00003000 08:06 1179734                    /lib/x86_64-linux-gnu/libdl-2.23.so
7f5957509000-7f595750a000 r--p 00002000 08:06 1179734                    /lib/x86_64-linux-gnu/libdl-2.23.so
7f595750a000-7f595750b000 rw-p 00003000 08:06 1179734                    /lib/x86_64-linux-gnu/libdl-2.23.so
7f595750b000-7f5957521000 r-xp 00000000 08:06 4200783                    /home/noor/Downloads/android-studio/jre/lib/jli/libjli.so
7f5957521000-7f5957720000 ---p 00016000 08:06 4200783                    /home/noor/Downloads/android-studio/jre/lib/jli/libjli.so
7f5957720000-7f5957721000 r--p 00015000 08:06 4200783                    /home/noor/Downloads/android-studio/jre/lib/jli/libjli.so
7f5957721000-7f5957722000 rw-p 00016000 08:06 4200783                    /home/noor/Downloads/android-studio/jre/lib/jli/libjli.so
7f5957722000-7f595773a000 r-xp 00000000 08:06 1179673                    /lib/x86_64-linux-gnu/libpthread-2.23.so
7f595773a000-7f5957939000 ---p 00018000 08:06 1179673                    /lib/x86_64-linux-gnu/libpthread-2.23.so
7f5957939000-7f595793a000 r--p 00017000 08:06 1179673                    /lib/x86_64-linux-gnu/libpthread-2.23.so
7f595793a000-7f595793b000 rw-p 00018000 08:06 1179673                    /lib/x86_64-linux-gnu/libpthread-2.23.so
7f595793b000-7f595793f000 rw-p 00000000 00:00 0 
7f595793f000-7f5957965000 r-xp 00000000 08:06 1179739                    /lib/x86_64-linux-gnu/ld-2.23.so
7f595798e000-7f5957995000 r--s 00000000 08:06 4589072                    /usr/lib/x86_64-linux-gnu/gconv/gconv-modules.cache
7f5957995000-7f5957a44000 rw-p 00000000 00:00 0 
7f5957a44000-7f5957a48000 ---p 00000000 00:00 0 
7f5957a48000-7f5957b4a000 rw-p 00000000 00:00 0 
7f5957b4e000-7f5957b53000 rw-p 00000000 00:00 0 
7f5957b53000-7f5957b5a000 ---p 00000000 00:00 0 
7f5957b5a000-7f5957b62000 rw-s 00000000 08:06 4197285                    /tmp/hsperfdata_noor/11374
7f5957b62000-7f5957b63000 ---p 00000000 00:00 0 
7f5957b63000-7f5957b64000 r--p 00000000 00:00 0 
7f5957b64000-7f5957b65000 r--p 00025000 08:06 1179739                    /lib/x86_64-linux-gnu/ld-2.23.so
7f5957b65000-7f5957b66000 rw-p 00026000 08:06 1179739                    /lib/x86_64-linux-gnu/ld-2.23.so
7f5957b66000-7f5957b67000 rw-p 00000000 00:00 0 
7ffdd145e000-7ffdd1480000 rw-p 00000000 00:00 0                          [stack]
7ffdd1487000-7ffdd148a000 r--p 00000000 00:00 0                          [vvar]
7ffdd148a000-7ffdd148c000 r-xp 00000000 00:00 0                          [vdso]
ffffffffff600000-ffffffffff601000 r-xp 00000000 00:00 0                  [vsyscall]


VM Arguments:
jvm_args: --add-opens=java.base/java.util=ALL-UNNAMED --add-opens=java.base/java.lang=ALL-UNNAMED --add-opens=java.base/java.lang.invoke=ALL-UNNAMED --add-opens=java.base/java.util=ALL-UNNAMED --add-opens=java.prefs/java.util.prefs=ALL-UNNAMED --add-opens=java.prefs/java.util.prefs=ALL-UNNAMED --add-opens=java.base/java.nio.charset=ALL-UNNAMED --add-opens=java.base/java.net=ALL-UNNAMED --add-opens=java.base/java.util.concurrent.atomic=ALL-UNNAMED -Xmx2048m -Dfile.encoding=UTF-8 -Duser.country=US -Duser.language=en -Duser.variant 
java_command: org.gradle.launcher.daemon.bootstrap.GradleDaemon 7.0.2
java_class_path (initial): /home/noor/.gradle/wrapper/dists/gradle-7.0.2-bin/857tjihv64xamwrf0h14cai3r/gradle-7.0.2/lib/gradle-launcher-7.0.2.jar
Launcher Type: SUN_STANDARD

[Global flags]
     intx CICompilerCount                          = 3                                         {product} {ergonomic}
     uint ConcGCThreads                            = 1                                         {product} {ergonomic}
     uint G1ConcRefinementThreads                  = 4                                         {product} {ergonomic}
   size_t G1HeapRegionSize                         = 1048576                                   {product} {ergonomic}
    uintx GCDrainStackTargetSize                   = 64                                        {product} {ergonomic}
   size_t InitialHeapSize                          = 92274688                                  {product} {ergonomic}
   size_t MarkStackSize                            = 4194304                                   {product} {ergonomic}
   size_t MaxHeapSize                              = 2147483648                                {product} {command line}
   size_t MaxNewSize                               = 1287651328                                {product} {ergonomic}
   size_t MinHeapDeltaBytes                        = 1048576                                   {product} {ergonomic}
    uintx NonNMethodCodeHeapSize                   = 5830732                                {pd product} {ergonomic}
    uintx NonProfiledCodeHeapSize                  = 122913754                              {pd product} {ergonomic}
    uintx ProfiledCodeHeapSize                     = 122913754                              {pd product} {ergonomic}
    uintx ReservedCodeCacheSize                    = 251658240                              {pd product} {ergonomic}
     bool SegmentedCodeCache                       = true                                      {product} {ergonomic}
     bool UseCompressedClassPointers               = true                                 {lp64_product} {ergonomic}
     bool UseCompressedOops                        = true                                 {lp64_product} {ergonomic}
     bool UseG1GC                                  = true                                      {product} {ergonomic}

Logging:
Log output configuration:
 #0: stdout all=warning uptime,level,tags
 #1: stderr all=off uptime,level,tags

Environment Variables:
PATH=/home/noor/bin:/home/noor/.local/bin:/usr/local/sbin:/usr/local/bin:/usr/sbin:/usr/bin:/sbin:/bin:/usr/games:/usr/local/games:/snap/bin
SHELL=/bin/bash
DISPLAY=:0
LANG=en_US.UTF-8

Signal Handlers:
SIGSEGV: [libjvm.so+0xc2dd80], sa_mask[0]=11111111011111111101111111111110, sa_flags=SA_RESTART|SA_SIGINFO
SIGBUS: [libjvm.so+0xc2dd80], sa_mask[0]=11111111011111111101111111111110, sa_flags=SA_RESTART|SA_SIGINFO
SIGFPE: [libjvm.so+0xc2dd80], sa_mask[0]=11111111011111111101111111111110, sa_flags=SA_RESTART|SA_SIGINFO
SIGPIPE: [libjvm.so+0xa839f0], sa_mask[0]=11111111011111111101111111111110, sa_flags=SA_RESTART|SA_SIGINFO
SIGXFSZ: [libjvm.so+0xa839f0], sa_mask[0]=11111111011111111101111111111110, sa_flags=SA_RESTART|SA_SIGINFO
SIGILL: [libjvm.so+0xc2dd80], sa_mask[0]=11111111011111111101111111111110, sa_flags=SA_RESTART|SA_SIGINFO
SIGUSR2: [libjvm.so+0xa840d0], sa_mask[0]=00100000000000000000000000000000, sa_flags=SA_RESTART|SA_SIGINFO
SIGHUP: [libjvm.so+0xa80ac0], sa_mask[0]=11111111011111111101111111111110, sa_flags=SA_RESTART|SA_SIGINFO
SIGINT: [libjvm.so+0xa80ac0], sa_mask[0]=11111111011111111101111111111110, sa_flags=SA_RESTART|SA_SIGINFO
SIGTERM: [libjvm.so+0xa80ac0], sa_mask[0]=11111111011111111101111111111110, sa_flags=SA_RESTART|SA_SIGINFO
SIGQUIT: [libjvm.so+0xa80ac0], sa_mask[0]=11111111011111111101111111111110, sa_flags=SA_RESTART|SA_SIGINFO


---------------  S Y S T E M  ---------------

OS:DISTRIB_ID=Ubuntu
DISTRIB_RELEASE=16.04
DISTRIB_CODENAME=xenial
DISTRIB_DESCRIPTION="Ubuntu 16.04.7 LTS"
uname:Linux 4.15.0-142-generic #146~16.04.1-Ubuntu SMP Tue Apr 13 09:27:15 UTC 2021 x86_64
OS uptime: 0 days 3:07 hours
libc:glibc 2.23 NPTL 2.23 
rlimit (soft/hard): STACK 8192k/infinity , CORE 0k/infinity , NPROC 21871/21871 , NOFILE 1048576/1048576 , AS infinity/infinity , CPU infinity/infinity , DATA infinity/infinity , FSIZE infinity/infinity , MEMLOCK 64k/64k
load average:9.41 3.95 1.99

/proc/meminfo:
MemTotal:        5660528 kB
MemFree:           97304 kB
MemAvailable:      26912 kB
Buffers:            6144 kB
Cached:           253400 kB
SwapCached:         1352 kB
Active:          4519572 kB
Inactive:         776284 kB
Active(anon):    4491428 kB
Inactive(anon):   748496 kB
Active(file):      28144 kB
Inactive(file):    27788 kB
Unevictable:         144 kB
Mlocked:             144 kB
SwapTotal:        999420 kB
SwapFree:             96 kB
Dirty:               244 kB
Writeback:           376 kB
AnonPages:       5035756 kB
Mapped:            86216 kB
Shmem:            203148 kB
Slab:             115336 kB
SReclaimable:      56416 kB
SUnreclaim:        58920 kB
KernelStack:       17072 kB
PageTables:        76276 kB
NFS_Unstable:          0 kB
Bounce:                0 kB
WritebackTmp:          0 kB
CommitLimit:     3829684 kB
Committed_AS:   14788536 kB
VmallocTotal:   34359738367 kB
VmallocUsed:           0 kB
VmallocChunk:          0 kB
HardwareCorrupted:     0 kB
AnonHugePages:         0 kB
ShmemHugePages:        0 kB
ShmemPmdMapped:        0 kB
CmaTotal:              0 kB
CmaFree:               0 kB
HugePages_Total:       0
HugePages_Free:        0
HugePages_Rsvd:        0
HugePages_Surp:        0
Hugepagesize:       2048 kB
DirectMap4k:      261892 kB
DirectMap2M:     5580800 kB

/sys/kernel/mm/transparent_hugepage/enabled:
always [madvise] never
/sys/kernel/mm/transparent_hugepage/defrag (defrag/compaction efforts parameter):
always defer defer+madvise [madvise] never

/proc/sys/kernel/threads-max (system-wide limit on the number of threads):
43742
/proc/sys/vm/max_map_count (maximum number of memory map areas a process may have):
65530
/proc/sys/kernel/pid_max (system-wide limit on number of process identifiers):
32768

container (cgroup) information:
container_type: cgroupv1
cpu_cpuset_cpus: 0-3
cpu_memory_nodes: 0
active_processor_count: 4
cpu_quota: -1
cpu_period: 100000
cpu_shares: -1
memory_limit_in_bytes: -1
memory_and_swap_limit_in_bytes: -2
memory_soft_limit_in_bytes: -1
memory_usage_in_bytes: 5423808512
memory_max_usage_in_bytes: 0

Steal ticks since vm start: 0
Steal ticks percentage since vm start:  0.000

CPU:total 4 (initial active 4) (2 cores per cpu, 2 threads per core) family 6 model 58 stepping 9 microcode 0x21, cmov, cx8, fxsr, mmx, sse, sse2, sse3, ssse3, sse4.1, sse4.2, popcnt, avx, clmul, erms, ht, tsc, tscinvbit, tscinv
CPU Model and flags from /proc/cpuinfo:
model name	: Intel(R) Core(TM) i3-3110M CPU @ 2.40GHz
flags		: fpu vme de pse tsc msr pae mce cx8 apic sep mtrr pge mca cmov pat pse36 clflush dts acpi mmx fxsr sse sse2 ss ht tm pbe syscall nx rdtscp lm constant_tsc arch_perfmon pebs bts rep_good nopl xtopology nonstop_tsc cpuid aperfmperf pni pclmulqdq dtes64 monitor ds_cpl vmx est tm2 ssse3 cx16 xtpr pdcm pcid sse4_1 sse4_2 x2apic popcnt tsc_deadline_timer xsave avx f16c lahf_lm cpuid_fault epb pti ssbd ibrs ibpb stibp tpr_shadow vnmi flexpriority ept vpid fsgsbase smep erms xsaveopt dtherm arat pln pts md_clear flush_l1d
Online cpus:
0-3
Offline cpus:
4-7
BIOS frequency limitation:
<Not Available>
Frequency switch latency (ns):
0
Available cpu frequencies:
<Not Available>
Current governor:
powersave
Core performance/turbo boost:
<Not Available>

Memory: 4k page, physical 5660528k(97304k free), swap 999420k(100k free)

vm_info: OpenJDK 64-Bit Server VM (11.0.10+0-b96-7249189) for linux-amd64 JRE (11.0.10+0-b96-7249189), built on Mar 31 2021 19:21:57 by "androidbuild" with gcc Android (6875598, based on r399163b) Clang 11.0.5 (https://android.googlesource.com/toolchain/llvm-project 87f1315dfbea7c137aa2e6d362dbb457e388158d)

END.
